#
# A fatal error has been detected by the Java Runtime Environment:
#
#  SIGSEGV (0xb) at pc=0x0000000116d5ee43, pid=42222, tid=54279
#
# JRE version: Java(TM) SE Runtime Environment (8.0_91-b14) (build 1.8.0_91-b14)
# Java VM: Java HotSpot(TM) 64-Bit Server VM (25.91-b14 mixed mode bsd-amd64 compressed oops)
# Problematic frame:
# C  [libawt_lwawt.dylib+0x1ae43]  OGLSD_SetScratchSurface+0x49
#
# Failed to write core dump. Core dumps have been disabled. To enable core dumping, try "ulimit -c unlimited" before starting Java again
#
# If you would like to submit a bug report, please visit:
#   http://bugreport.java.com/bugreport/crash.jsp
# The crash happened outside the Java Virtual Machine in native code.
# See problematic frame for where to report the bug.
#

---------------  T H R E A D  ---------------

Current thread (0x00007f97301c8000):  JavaThread "Java2D Queue Flusher" daemon [_thread_in_native, id=54279, stack(0x000070000bd3c000,0x000070000be3c000)]

siginfo: si_signo: 11 (SIGSEGV), si_code: 1 (SEGV_MAPERR), si_addr: 0x0000000000000002

Registers:
RAX=0x0000000116d7f3a2, RBX=0x0000000000000002, RCX=0x0000000000000047, RDX=0x0000000116d7f8ec
RSP=0x000070000be3b720, RBP=0x000070000be3b740, RSI=0x00007f972fd8a220, RDI=0x00007f97301c81f8
R8 =0x0000000000001651, R9 =0x0000000000161ce6, R10=0x00000001189cc6b8, R11=0x00000001183df580
R12=0x0000000000000000, R13=0x000070000be3b8e0, R14=0x00007f97301c81f8, R15=0x00007f97301c8000
RIP=0x0000000116d5ee43, EFLAGS=0x0000000000010202, ERR=0x0000000000000004
  TRAPNO=0x000000000000000e

Top of Stack: (sp=0x000070000be3b720)
0x000070000be3b720:   00007f972fd8a220 0000000000000000
0x000070000be3b730:   00007f97301e2010 00007f97301c8000
0x000070000be3b740:   000070000be3b7c0 0000000116d7f3ca
0x000070000be3b750:   00007f972fd82100 0000000200000001
0x000070000be3b760:   bb891a0043fa0000 0000000000000000
0x000070000be3b770:   0000000000000000 0000000000000000
0x000070000be3b780:   000070000be3b7c0 00007f97301e2020
0x000070000be3b790:   0000700000e3b7c0 00007f97301c81f8
0x000070000be3b7a0:   00000001278e67e0 0000000000000000
0x000070000be3b7b0:   000070000be3b960 00007f97301c8000
0x000070000be3b7c0:   000070000be3b810 00000001189cc72a
0x000070000be3b7d0:   00000006e00d8878 0000000109c3bc00
0x000070000be3b7e0:   0000000000000064 0000000000000000
0x000070000be3b7f0:   0000000000000064 00007f972fd81b38
0x000070000be3b800:   000070000be3b860 0000000109a58c60
0x000070000be3b810:   000070000be3b938 00000001189cbd3c
0x000070000be3b820:   0000000000000001 00007f972fd82820
0x000070000be3b830:   00000006e00d8900 00007f97301c8000
0x000070000be3b840:   00007f97301c8000 000000011366ca00
0x000070000be3b850:   000070000be3b960 00007f97301c8000
0x000070000be3b860:   000070000be3b8b0 00000001183a6ae8
0x000070000be3b870:   00000006e00d8878 000000011859d6a6
0x000070000be3b880:   000070000be3b938 00000001183df5dc
0x000070000be3b890:   0000000000000000 0000000000000000
0x000070000be3b8a0:   0000000000000000 0000700000000000
0x000070000be3b8b0:   000070000be3b938 00000001181a22bd
0x000070000be3b8c0:   000070000be3b938 00000001181a22bd
0x000070000be3b8d0:   0000000000000064 00000001181a22bd
0x000070000be3b8e0:   00000006e00d8878 0000000000000003
0x000070000be3b8f0:   00000006e00d8950 000070000be3b8e8
0x000070000be3b900:   0000000113b114b9 000070000be3b960
0x000070000be3b910:   0000000113b11d40 00000001809d3d30 

Instructions: (pc=0x0000000116d5ee43)
0x0000000116d5ee23:   c0 e9 82 00 00 00 48 8b 5e 10 48 85 db 75 0e bf
0x0000000116d5ee33:   01 00 00 00 48 8d 15 fd 75 03 00 eb d6 49 89 fe
0x0000000116d5ee43:   4c 8b 3b 30 c0 e8 c5 a2 02 00 49 8b 3f 49 89 c4
0x0000000116d5ee53:   48 8b 35 ae f7 05 00 30 c0 e8 cb a3 02 00 48 85 

Register to memory mapping:

RAX=0x0000000116d7f3a2: Java_sun_java2d_opengl_OGLRenderQueue_flushBuffer+0x612 in /Library/Java/JavaVirtualMachines/jdk1.8.0_91.jdk/Contents/Home/jre/lib/libawt_lwawt.dylib at 0x0000000116d44000
RBX=0x0000000000000002 is an unknown value
RCX=0x0000000000000047 is an unknown value
RDX=0x0000000116d7f8ec: Java_sun_java2d_opengl_OGLRenderQueue_flushBuffer+0xb5c in /Library/Java/JavaVirtualMachines/jdk1.8.0_91.jdk/Contents/Home/jre/lib/libawt_lwawt.dylib at 0x0000000116d44000
RSP=0x000070000be3b720 is pointing into the stack for thread: 0x00007f97301c8000
RBP=0x000070000be3b740 is pointing into the stack for thread: 0x00007f97301c8000
RSI=0x00007f972fd8a220 is an unknown value
RDI=0x00007f97301c81f8 is an unknown value
R8 =0x0000000000001651 is an unknown value
R9 =0x0000000000161ce6 is an unknown value
R10=0x00000001189cc6b8 is at entry_point+56 in (nmethod*)0x00000001189cc510
R11=0x00000001183df580 is at entry_point+0 in (nmethod*)0x00000001183df410
R12=0x0000000000000000 is an unknown value
R13=0x000070000be3b8e0 is pointing into the stack for thread: 0x00007f97301c8000
R14=0x00007f97301c81f8 is an unknown value
R15=0x00007f97301c8000 is a thread


Stack: [0x000070000bd3c000,0x000070000be3c000],  sp=0x000070000be3b720,  free space=1021k
Native frames: (J=compiled Java code, j=interpreted, Vv=VM code, C=native code)
C  [libawt_lwawt.dylib+0x1ae43]  OGLSD_SetScratchSurface+0x49
C  [libawt_lwawt.dylib+0x3b3ca]  Java_sun_java2d_opengl_OGLRenderQueue_flushBuffer+0x63a
J 2737  sun.java2d.opengl.OGLRenderQueue.flushBuffer(JI)V (0 bytes) @ 0x00000001189cc72a [0x00000001189cc680+0xaa]
J 2735 C1 sun.java2d.opengl.OGLRenderQueue.flushBuffer()V (41 bytes) @ 0x00000001189cbd3c [0x00000001189cbae0+0x25c]
J 3781 C1 sun.java2d.opengl.OGLRenderQueue.access$100(Lsun/java2d/opengl/OGLRenderQueue;)V (5 bytes) @ 0x00000001183df5dc [0x00000001183df580+0x5c]
j  sun.java2d.opengl.OGLRenderQueue$QueueFlusher.run()V+81
v  ~StubRoutines::call_stub
V  [libjvm.dylib+0x2ec1e6]
V  [libjvm.dylib+0x2ec974]
V  [libjvm.dylib+0x2ecb20]
V  [libjvm.dylib+0x34726d]
V  [libjvm.dylib+0x563d17]
V  [libjvm.dylib+0x565412]
V  [libjvm.dylib+0x484f82]
C  [libsystem_pthread.dylib+0x393b]  _pthread_body+0xb4
C  [libsystem_pthread.dylib+0x3887]  _pthread_body+0x0
C  [libsystem_pthread.dylib+0x308d]  thread_start+0xd
C  0x0000000000000000

Java frames: (J=compiled Java code, j=interpreted, Vv=VM code)
J 2737  sun.java2d.opengl.OGLRenderQueue.flushBuffer(JI)V (0 bytes) @ 0x00000001189cc6b8 [0x00000001189cc680+0x38]
J 2735 C1 sun.java2d.opengl.OGLRenderQueue.flushBuffer()V (41 bytes) @ 0x00000001189cbd3c [0x00000001189cbae0+0x25c]
J 3781 C1 sun.java2d.opengl.OGLRenderQueue.access$100(Lsun/java2d/opengl/OGLRenderQueue;)V (5 bytes) @ 0x00000001183df5dc [0x00000001183df580+0x5c]
j  sun.java2d.opengl.OGLRenderQueue$QueueFlusher.run()V+81
v  ~StubRoutines::call_stub

---------------  P R O C E S S  ---------------

Java Threads: ( => current thread )
  0x00007f97308f6800 JavaThread "Timer-1" [_thread_blocked, id=67623, stack(0x000070000c3d1000,0x000070000c4d1000)]
  0x00007f9731e01800 JavaThread "Thread-2" [_thread_in_Java, id=67311, stack(0x000070000c2ce000,0x000070000c3ce000)]
  0x00007f9731e8f800 JavaThread "Timer-0" [_thread_blocked, id=63327, stack(0x000070000c045000,0x000070000c145000)]
  0x00007f9731ca3000 JavaThread "TimerQueue" daemon [_thread_blocked, id=66607, stack(0x000070000c1cb000,0x000070000c2cb000)]
  0x00007f9731d0c800 JavaThread "DestroyJavaVM" [_thread_blocked, id=7171, stack(0x000070000ad09000,0x000070000ae09000)]
  0x00007f97309b4000 JavaThread "AWT-EventQueue-0" [_thread_blocked, id=57115, stack(0x000070000bf42000,0x000070000c042000)]
  0x00007f9731932000 JavaThread "Java2D Disposer" daemon [_thread_blocked, id=56339, stack(0x000070000be3f000,0x000070000bf3f000)]
=>0x00007f97301c8000 JavaThread "Java2D Queue Flusher" daemon [_thread_in_native, id=54279, stack(0x000070000bd3c000,0x000070000be3c000)]
  0x00007f97318ec000 JavaThread "AWT-Shutdown" [_thread_blocked, id=29471, stack(0x000070000bbb6000,0x000070000bcb6000)]
  0x00007f97318c4800 JavaThread "AppKit Thread" daemon [_thread_in_native, id=775, stack(0x00007fff55d78000,0x00007fff56578000)]
  0x00007f973083b000 JavaThread "Service Thread" daemon [_thread_blocked, id=18435, stack(0x000070000b92d000,0x000070000ba2d000)]
  0x00007f9730807800 JavaThread "C1 CompilerThread2" daemon [_thread_blocked, id=17923, stack(0x000070000b82a000,0x000070000b92a000)]
  0x00007f973004b000 JavaThread "C2 CompilerThread1" daemon [_thread_blocked, id=17411, stack(0x000070000b727000,0x000070000b827000)]
  0x00007f973001e000 JavaThread "C2 CompilerThread0" daemon [_thread_blocked, id=16899, stack(0x000070000b624000,0x000070000b724000)]
  0x00007f9731829000 JavaThread "Signal Dispatcher" daemon [_thread_blocked, id=16387, stack(0x000070000b521000,0x000070000b621000)]
  0x00007f9730811000 JavaThread "Finalizer" daemon [_thread_blocked, id=12547, stack(0x000070000b41e000,0x000070000b51e000)]
  0x00007f9731029000 JavaThread "Reference Handler" daemon [_thread_blocked, id=12035, stack(0x000070000b31b000,0x000070000b41b000)]

Other Threads:
  0x00007f973000b000 VMThread [stack: 0x000070000b218000,0x000070000b318000] [id=11523]
  0x00007f9730010800 WatcherThread [stack: 0x000070000ba30000,0x000070000bb30000] [id=18947]

VM state:not at safepoint (normal execution)

VM Mutex/Monitor currently owned by a thread: None

Heap:
 PSYoungGen      total 30720K, used 362K [0x0000000775580000, 0x0000000777500000, 0x00000007c0000000)
  eden space 29184K, 1% used [0x0000000775580000,0x00000007755da998,0x0000000777200000)
  from space 1536K, 0% used [0x0000000777380000,0x0000000777380000,0x0000000777500000)
  to   space 1536K, 0% used [0x0000000777200000,0x0000000777200000,0x0000000777380000)
 ParOldGen       total 75776K, used 20062K [0x00000006e0000000, 0x00000006e4a00000, 0x0000000775580000)
  object space 75776K, 26% used [0x00000006e0000000,0x00000006e1397938,0x00000006e4a00000)
 Metaspace       used 20567K, capacity 21324K, committed 21888K, reserved 1069056K
  class space    used 2486K, capacity 2748K, committed 2944K, reserved 1048576K

Card table byte_map: [0x000000010b3c0000,0x000000010bac1000] byte_map_base: 0x0000000107cc0000

Marking Bits: (ParMarkBitMap*) 0x0000000109ff1eb0
 Begin Bits: [0x000000010bf6c000, 0x000000010f76c000)
 End Bits:   [0x000000010f76c000, 0x0000000112f6c000)

Polling page: 0x000000010a6e2000

CodeCache: size=245760Kb used=11002Kb max_used=11021Kb free=234757Kb
 bounds [0x000000011819a000, 0x0000000118c7a000, 0x000000012719a000]
 total_blobs=3908 nmethods=3314 adapters=506
 compilation: enabled

Compilation events (10 events):
Event: 9714.891 Thread 0x00007f9730807800 3889       3       javax.swing.text.PlainView::getLineBuffer (23 bytes)
Event: 9714.891 Thread 0x00007f9730807800 nmethod 3889 0x000000011886f390 code [0x000000011886f500, 0x000000011886f830]
Event: 9714.891 Thread 0x00007f9730807800 3890       3       java.util.Collections::binarySearch (31 bytes)
Event: 9714.892 Thread 0x00007f9730807800 nmethod 3890 0x0000000118564310 code [0x00000001185644a0, 0x00000001185648a8]
Event: 9714.897 Thread 0x00007f973004b000 nmethod 3886 0x0000000118c52d10 code [0x0000000118c52f00, 0x0000000118c538c8]
Event: 9714.897 Thread 0x00007f973004b000 3887       4       java.text.DecimalFormatSymbols::getInstance (37 bytes)
Event: 9714.974 Thread 0x00007f973001e000 nmethod 3868 0x0000000118c61910 code [0x0000000118c61ce0, 0x0000000118c64378]
Event: 9715.003 Thread 0x00007f973004b000 nmethod 3887 0x0000000118c68010 code [0x0000000118c68380, 0x0000000118c6a4f0]
Event: 10427.680 Thread 0x00007f973001e000 3891       4       java.lang.ref.ReferenceQueue::reallyPoll (66 bytes)
Event: 10427.681 Thread 0x00007f973001e000 nmethod 3891 0x0000000118c4d8d0 code [0x0000000118c4da20, 0x0000000118c4db58]

GC Heap History (10 events):
Event: 2360.234 GC heap before
{Heap before GC invocations=8090 (full 13):
 PSYoungGen      total 30720K, used 29216K [0x0000000775580000, 0x0000000777500000, 0x00000007c0000000)
  eden space 29184K, 100% used [0x0000000775580000,0x0000000777200000,0x0000000777200000)
  from space 1536K, 2% used [0x0000000777380000,0x0000000777388000,0x0000000777500000)
  to   space 1536K, 0% used [0x0000000777200000,0x0000000777200000,0x0000000777380000)
 ParOldGen       total 91136K, used 86309K [0x00000006e0000000, 0x00000006e5900000, 0x0000000775580000)
  object space 91136K, 94% used [0x00000006e0000000,0x00000006e5449668,0x00000006e5900000)
 Metaspace       used 20766K, capacity 21672K, committed 21888K, reserved 1069056K
  class space    used 2575K, capacity 2920K, committed 2944K, reserved 1048576K
Event: 2360.235 GC heap after
Heap after GC invocations=8090 (full 13):
 PSYoungGen      total 30720K, used 288K [0x0000000775580000, 0x0000000777500000, 0x00000007c0000000)
  eden space 29184K, 0% used [0x0000000775580000,0x0000000775580000,0x0000000777200000)
  from space 1536K, 18% used [0x0000000777200000,0x0000000777248000,0x0000000777380000)
  to   space 1536K, 0% used [0x0000000777380000,0x0000000777380000,0x0000000777500000)
 ParOldGen       total 91136K, used 86317K [0x00000006e0000000, 0x00000006e5900000, 0x0000000775580000)
  object space 91136K, 94% used [0x00000006e0000000,0x00000006e544b668,0x00000006e5900000)
 Metaspace       used 20766K, capacity 21672K, committed 21888K, reserved 1069056K
  class space    used 2575K, capacity 2920K, committed 2944K, reserved 1048576K
}
Event: 2360.532 GC heap before
{Heap before GC invocations=8091 (full 13):
 PSYoungGen      total 30720K, used 29472K [0x0000000775580000, 0x0000000777500000, 0x00000007c0000000)
  eden space 29184K, 100% used [0x0000000775580000,0x0000000777200000,0x0000000777200000)
  from space 1536K, 18% used [0x0000000777200000,0x0000000777248000,0x0000000777380000)
  to   space 1536K, 0% used [0x0000000777380000,0x0000000777380000,0x0000000777500000)
 ParOldGen       total 91136K, used 86317K [0x00000006e0000000, 0x00000006e5900000, 0x0000000775580000)
  object space 91136K, 94% used [0x00000006e0000000,0x00000006e544b668,0x00000006e5900000)
 Metaspace       used 20766K, capacity 21672K, committed 21888K, reserved 1069056K
  class space    used 2575K, capacity 2920K, committed 2944K, reserved 1048576K
Event: 2360.534 GC heap after
Heap after GC invocations=8091 (full 13):
 PSYoungGen      total 30720K, used 64K [0x0000000775580000, 0x0000000777500000, 0x00000007c0000000)
  eden space 29184K, 0% used [0x0000000775580000,0x0000000775580000,0x0000000777200000)
  from space 1536K, 4% used [0x0000000777380000,0x0000000777390000,0x0000000777500000)
  to   space 1536K, 0% used [0x0000000777200000,0x0000000777200000,0x0000000777380000)
 ParOldGen       total 91136K, used 86581K [0x00000006e0000000, 0x00000006e5900000, 0x0000000775580000)
  object space 91136K, 95% used [0x00000006e0000000,0x00000006e548d668,0x00000006e5900000)
 Metaspace       used 20766K, capacity 21672K, committed 21888K, reserved 1069056K
  class space    used 2575K, capacity 2920K, committed 2944K, reserved 1048576K
}
Event: 2360.828 GC heap before
{Heap before GC invocations=8092 (full 13):
 PSYoungGen      total 30720K, used 29248K [0x0000000775580000, 0x0000000777500000, 0x00000007c0000000)
  eden space 29184K, 100% used [0x0000000775580000,0x0000000777200000,0x0000000777200000)
  from space 1536K, 4% used [0x0000000777380000,0x0000000777390000,0x0000000777500000)
  to   space 1536K, 0% used [0x0000000777200000,0x0000000777200000,0x0000000777380000)
 ParOldGen       total 91136K, used 86581K [0x00000006e0000000, 0x00000006e5900000, 0x0000000775580000)
  object space 91136K, 95% used [0x00000006e0000000,0x00000006e548d668,0x00000006e5900000)
 Metaspace       used 20766K, capacity 21672K, committed 21888K, reserved 1069056K
  class space    used 2575K, capacity 2920K, committed 2944K, reserved 1048576K
Event: 2360.829 GC heap after
Heap after GC invocations=8092 (full 13):
 PSYoungGen      total 30720K, used 64K [0x0000000775580000, 0x0000000777500000, 0x00000007c0000000)
  eden space 29184K, 0% used [0x0000000775580000,0x0000000775580000,0x0000000777200000)
  from space 1536K, 4% used [0x0000000777200000,0x0000000777210000,0x0000000777380000)
  to   space 1536K, 0% used [0x0000000777380000,0x0000000777380000,0x0000000777500000)
 ParOldGen       total 91136K, used 86597K [0x00000006e0000000, 0x00000006e5900000, 0x0000000775580000)
  object space 91136K, 95% used [0x00000006e0000000,0x00000006e5491668,0x00000006e5900000)
 Metaspace       used 20766K, capacity 21672K, committed 21888K, reserved 1069056K
  class space    used 2575K, capacity 2920K, committed 2944K, reserved 1048576K
}
Event: 10427.517 GC heap before
{Heap before GC invocations=8093 (full 13):
 PSYoungGen      total 30720K, used 29248K [0x0000000775580000, 0x0000000777500000, 0x00000007c0000000)
  eden space 29184K, 100% used [0x0000000775580000,0x0000000777200000,0x0000000777200000)
  from space 1536K, 4% used [0x0000000777200000,0x0000000777210000,0x0000000777380000)
  to   space 1536K, 0% used [0x0000000777380000,0x0000000777380000,0x0000000777500000)
 ParOldGen       total 91136K, used 86597K [0x00000006e0000000, 0x00000006e5900000, 0x0000000775580000)
  object space 91136K, 95% used [0x00000006e0000000,0x00000006e5491668,0x00000006e5900000)
 Metaspace       used 20799K, capacity 21738K, committed 21888K, reserved 1069056K
  class space    used 2578K, capacity 2921K, committed 2944K, reserved 1048576K
Event: 10427.532 GC heap after
Heap after GC invocations=8093 (full 13):
 PSYoungGen      total 30720K, used 1081K [0x0000000775580000, 0x0000000777500000, 0x00000007c0000000)
  eden space 29184K, 0% used [0x0000000775580000,0x0000000775580000,0x0000000777200000)
  from space 1536K, 70% used [0x0000000777380000,0x000000077748e5c8,0x0000000777500000)
  to   space 1536K, 0% used [0x0000000777200000,0x0000000777200000,0x0000000777380000)
 ParOldGen       total 92672K, used 91869K [0x00000006e0000000, 0x00000006e5a80000, 0x0000000775580000)
  object space 92672K, 99% used [0x00000006e0000000,0x00000006e59b77c8,0x00000006e5a80000)
 Metaspace       used 20799K, capacity 21738K, committed 21888K, reserved 1069056K
  class space    used 2578K, capacity 2921K, committed 2944K, reserved 1048576K
}
Event: 10427.532 GC heap before
{Heap before GC invocations=8094 (full 14):
 PSYoungGen      total 30720K, used 1081K [0x0000000775580000, 0x0000000777500000, 0x00000007c0000000)
  eden space 29184K, 0% used [0x0000000775580000,0x0000000775580000,0x0000000777200000)
  from space 1536K, 70% used [0x0000000777380000,0x000000077748e5c8,0x0000000777500000)
  to   space 1536K, 0% used [0x0000000777200000,0x0000000777200000,0x0000000777380000)
 ParOldGen       total 92672K, used 91869K [0x00000006e0000000, 0x00000006e5a80000, 0x0000000775580000)
  object space 92672K, 99% used [0x00000006e0000000,0x00000006e59b77c8,0x00000006e5a80000)
 Metaspace       used 20799K, capacity 21738K, committed 21888K, reserved 1069056K
  class space    used 2578K, capacity 2921K, committed 2944K, reserved 1048576K
Event: 10427.678 GC heap after
Heap after GC invocations=8094 (full 14):
 PSYoungGen      total 30720K, used 0K [0x0000000775580000, 0x0000000777500000, 0x00000007c0000000)
  eden space 29184K, 0% used [0x0000000775580000,0x0000000775580000,0x0000000777200000)
  from space 1536K, 0% used [0x0000000777380000,0x0000000777380000,0x0000000777500000)
  to   space 1536K, 0% used [0x0000000777200000,0x0000000777200000,0x0000000777380000)
 ParOldGen       total 75776K, used 20062K [0x00000006e0000000, 0x00000006e4a00000, 0x0000000775580000)
  object space 75776K, 26% used [0x00000006e0000000,0x00000006e1397938,0x00000006e4a00000)
 Metaspace       used 20567K, capacity 21324K, committed 21888K, reserved 1069056K
  class space    used 2486K, capacity 2748K, committed 2944K, reserved 1048576K
}

Deoptimization events (10 events):
Event: 9714.637 Thread 0x00007f97309b4000 Uncommon trap: reason=class_check action=maybe_recompile pc=0x0000000118968410 method=sun.java2d.SunGraphics2D.checkFontInfo(Lsun/java2d/loops/FontInfo;Ljava/awt/Font;Ljava/awt/font/FontRenderContext;)Lsun/java2d/loops/FontInfo; @ 622
Event: 9714.637 Thread 0x00007f97309b4000 Uncommon trap: reason=bimorphic action=maybe_recompile pc=0x0000000118badd3c method=sun.java2d.SunGraphics2D.validatePipe()V @ 25
Event: 9714.637 Thread 0x00007f97309b4000 Uncommon trap: reason=class_check action=maybe_recompile pc=0x0000000118968410 method=sun.java2d.SunGraphics2D.checkFontInfo(Lsun/java2d/loops/FontInfo;Ljava/awt/Font;Ljava/awt/font/FontRenderContext;)Lsun/java2d/loops/FontInfo; @ 622
Event: 9714.637 Thread 0x00007f97309b4000 Uncommon trap: reason=bimorphic action=maybe_recompile pc=0x0000000118badd3c method=sun.java2d.SunGraphics2D.validatePipe()V @ 25
Event: 9714.637 Thread 0x00007f97309b4000 Uncommon trap: reason=class_check action=maybe_recompile pc=0x0000000118968410 method=sun.java2d.SunGraphics2D.checkFontInfo(Lsun/java2d/loops/FontInfo;Ljava/awt/Font;Ljava/awt/font/FontRenderContext;)Lsun/java2d/loops/FontInfo; @ 622
Event: 9714.638 Thread 0x00007f97309b4000 Uncommon trap: reason=unstable_if action=reinterpret pc=0x00000001184c1a5c method=sun.java2d.SunGraphics2D.getCompClip()Lsun/java2d/pipe/Region; @ 7
Event: 9714.640 Thread 0x00007f97309b4000 Uncommon trap: reason=class_check action=maybe_recompile pc=0x00000001189b2dbc method=sun.java2d.SunGraphics2D.getDeviceConfiguration()Ljava/awt/GraphicsConfiguration; @ 4
Event: 9714.642 Thread 0x00007f97309b4000 Uncommon trap: reason=class_check action=maybe_recompile pc=0x00000001189b2dbc method=sun.java2d.SunGraphics2D.getDeviceConfiguration()Ljava/awt/GraphicsConfiguration; @ 4
Event: 9714.643 Thread 0x00007f97309b4000 Uncommon trap: reason=class_check action=maybe_recompile pc=0x00000001189b2dbc method=sun.java2d.SunGraphics2D.getDeviceConfiguration()Ljava/awt/GraphicsConfiguration; @ 4
Event: 9714.645 Thread 0x00007f97309b4000 Uncommon trap: reason=bimorphic action=maybe_recompile pc=0x0000000118c24158 method=sun.java2d.SunGraphics2D.fillRect(IIII)V @ 10

Internal exceptions (10 events):
Event: 0.373 Thread 0x00007f9731003800 Exception <a 'java/io/FileNotFoundException'> (0x000000077598aef8) thrown at [/Users/java_re/workspace/8-2-build-macosx-x86_64/jdk8u91/6644/hotspot/src/share/vm/prims/jni.cpp, line 709]
Event: 0.373 Thread 0x00007f9731003800 Exception <a 'java/io/FileNotFoundException'> (0x000000077598ba58) thrown at [/Users/java_re/workspace/8-2-build-macosx-x86_64/jdk8u91/6644/hotspot/src/share/vm/prims/jni.cpp, line 709]
Event: 10.305 Thread 0x00007f9730811000 Exception <a 'java/lang/NullPointerException'> (0x00000007757cb988) thrown at [/Users/java_re/workspace/8-2-build-macosx-x86_64/jdk8u91/6644/hotspot/src/share/vm/interpreter/linkResolver.cpp, line 1178]
Event: 11.170 Thread 0x00007f9731e8f800 Implicit null exception at 0x00000001188ae849 to 0x00000001188aeb91
Event: 12.269 Thread 0x00007f97309b4000 Implicit null exception at 0x00000001188af132 to 0x00000001188af5d9
Event: 390.383 Thread 0x00007f9731e01800 Implicit null exception at 0x00000001188aab77 to 0x00000001188ab7bd
Event: 2266.143 Thread 0x00007f97318c4800 Implicit null exception at 0x000000011893b078 to 0x000000011893baa9
Event: 2266.149 Thread 0x00007f97309b4000 Implicit null exception at 0x000000011896f474 to 0x000000011896f8c5
Event: 9714.432 Thread 0x00007f97318c4800 Implicit null exception at 0x00000001184d174c to 0x00000001184d18f1
Event: 9714.626 Thread 0x00007f97309b4000 Implicit null exception at 0x000000011852d0e0 to 0x000000011852de61

Events (10 events):
Event: 9714.643 Thread 0x00007f97309b4000 Uncommon trap: trap_request=0xffffffde fr.pc=0x00000001189b2dbc
Event: 9714.643 Thread 0x00007f97309b4000 DEOPT PACKING pc=0x00000001189b2dbc sp=0x000070000c03e930
Event: 9714.643 Thread 0x00007f97309b4000 DEOPT UNPACKING pc=0x000000011819f229 sp=0x000070000c03e7f0 mode 2
Event: 9714.645 Thread 0x00007f97309b4000 Uncommon trap: trap_request=0xffffffc6 fr.pc=0x0000000118c24158
Event: 9714.645 Thread 0x00007f97309b4000 DEOPT PACKING pc=0x0000000118c24158 sp=0x000070000c03ec40
Event: 9714.645 Thread 0x00007f97309b4000 DEOPT UNPACKING pc=0x000000011819f229 sp=0x000070000c03ebb8 mode 2
Event: 10400.276 Thread 0x00007f97301c8000 DEOPT PACKING pc=0x0000000118c20d4c sp=0x000070000be3b880
Event: 10400.276 Thread 0x00007f97301c8000 DEOPT UNPACKING pc=0x00000001181e1633 sp=0x000070000be3b648 mode 0
Event: 10427.517 Executing VM operation: ParallelGCFailedAllocation
Event: 10427.678 Executing VM operation: ParallelGCFailedAllocation done


Dynamic libraries:
0x000000001348f000 	/System/Library/Frameworks/Cocoa.framework/Versions/A/Cocoa
0x000000001348f000 	/System/Library/Frameworks/Security.framework/Versions/A/Security
0x000000001348f000 	/System/Library/Frameworks/ApplicationServices.framework/Versions/A/ApplicationServices
0x000000001348f000 	/usr/lib/libz.1.dylib
0x000000001348f000 	/usr/lib/libSystem.B.dylib
0x000000001348f000 	/usr/lib/libobjc.A.dylib
0x000000001348f000 	/System/Library/Frameworks/CoreFoundation.framework/Versions/A/CoreFoundation
0x000000001348f000 	/System/Library/Frameworks/Foundation.framework/Versions/C/Foundation
0x000000001348f000 	/System/Library/Frameworks/AppKit.framework/Versions/C/AppKit
0x000000001348f000 	/System/Library/Frameworks/CoreData.framework/Versions/A/CoreData
0x000000001348f000 	/System/Library/PrivateFrameworks/RemoteViewServices.framework/Versions/A/RemoteViewServices
0x000000001348f000 	/System/Library/PrivateFrameworks/UIFoundation.framework/Versions/A/UIFoundation
0x000000001348f000 	/System/Library/PrivateFrameworks/DFRFoundation.framework/Versions/A/DFRFoundation
0x000000001348f000 	/usr/lib/libenergytrace.dylib
0x000000001348f000 	/System/Library/PrivateFrameworks/SkyLight.framework/Versions/A/SkyLight
0x000000001348f000 	/System/Library/Frameworks/CoreGraphics.framework/Versions/A/CoreGraphics
0x000000001348f000 	/usr/lib/libScreenReader.dylib
0x000000001348f000 	/System/Library/Frameworks/Accelerate.framework/Versions/A/Accelerate
0x000000001348f000 	/System/Library/Frameworks/IOSurface.framework/Versions/A/IOSurface
0x000000001348f000 	/System/Library/Frameworks/AudioToolbox.framework/Versions/A/AudioToolbox
0x000000001348f000 	/System/Library/Frameworks/AudioUnit.framework/Versions/A/AudioUnit
0x000000001348f000 	/System/Library/PrivateFrameworks/DataDetectorsCore.framework/Versions/A/DataDetectorsCore
0x000000001348f000 	/System/Library/PrivateFrameworks/DesktopServicesPriv.framework/Versions/A/DesktopServicesPriv
0x000000001348f000 	/System/Library/Frameworks/Carbon.framework/Versions/A/Frameworks/HIToolbox.framework/Versions/A/HIToolbox
0x000000001348f000 	/usr/lib/libicucore.A.dylib
0x000000001348f000 	/System/Library/Frameworks/QuartzCore.framework/Versions/A/QuartzCore
0x000000001348f000 	/System/Library/Frameworks/Carbon.framework/Versions/A/Frameworks/SpeechRecognition.framework/Versions/A/SpeechRecognition
0x000000001348f000 	/usr/lib/libauto.dylib
0x000000001348f000 	/usr/lib/libxml2.2.dylib
0x000000001348f000 	/System/Library/PrivateFrameworks/CoreUI.framework/Versions/A/CoreUI
0x000000001348f000 	/System/Library/Frameworks/CoreAudio.framework/Versions/A/CoreAudio
0x000000001348f000 	/System/Library/Frameworks/DiskArbitration.framework/Versions/A/DiskArbitration
0x000000001348f000 	/usr/lib/liblangid.dylib
0x000000001348f000 	/System/Library/PrivateFrameworks/MultitouchSupport.framework/Versions/A/MultitouchSupport
0x000000001348f000 	/System/Library/Frameworks/IOKit.framework/Versions/A/IOKit
0x000000001348f000 	/usr/lib/libDiagnosticMessagesClient.dylib
0x000000001348f000 	/System/Library/Frameworks/CoreServices.framework/Versions/A/CoreServices
0x000000001348f000 	/System/Library/PrivateFrameworks/PerformanceAnalysis.framework/Versions/A/PerformanceAnalysis
0x000000001348f000 	/System/Library/PrivateFrameworks/GenerationalStorage.framework/Versions/A/GenerationalStorage
0x000000001348f000 	/System/Library/Frameworks/OpenGL.framework/Versions/A/OpenGL
0x000000001348f000 	/System/Library/Frameworks/CoreImage.framework/Versions/A/CoreImage
0x000000001348f000 	/System/Library/Frameworks/CoreText.framework/Versions/A/CoreText
0x000000001348f000 	/System/Library/Frameworks/ImageIO.framework/Versions/A/ImageIO
0x000000001348f000 	/System/Library/PrivateFrameworks/Backup.framework/Versions/A/Backup
0x000000001348f000 	/usr/lib/libarchive.2.dylib
0x000000001348f000 	/System/Library/Frameworks/CFNetwork.framework/Versions/A/CFNetwork
0x000000001348f000 	/System/Library/Frameworks/SystemConfiguration.framework/Versions/A/SystemConfiguration
0x000000001348f000 	/usr/lib/libCRFSuite.dylib
0x000000001348f000 	/usr/lib/libc++.1.dylib
0x000000001348f000 	/usr/lib/libc++abi.dylib
0x000000001348f000 	/usr/lib/system/libcache.dylib
0x000000001348f000 	/usr/lib/system/libcommonCrypto.dylib
0x000000001348f000 	/usr/lib/system/libcompiler_rt.dylib
0x000000001348f000 	/usr/lib/system/libcopyfile.dylib
0x000000001348f000 	/usr/lib/system/libcorecrypto.dylib
0x000000001348f000 	/usr/lib/system/libdispatch.dylib
0x000000001348f000 	/usr/lib/system/libdyld.dylib
0x000000001348f000 	/usr/lib/system/libkeymgr.dylib
0x000000001348f000 	/usr/lib/system/liblaunch.dylib
0x000000001348f000 	/usr/lib/system/libmacho.dylib
0x000000001348f000 	/usr/lib/system/libquarantine.dylib
0x000000001348f000 	/usr/lib/system/libremovefile.dylib
0x000000001348f000 	/usr/lib/system/libsystem_asl.dylib
0x000000001348f000 	/usr/lib/system/libsystem_blocks.dylib
0x000000001348f000 	/usr/lib/system/libsystem_c.dylib
0x000000001348f000 	/usr/lib/system/libsystem_configuration.dylib
0x000000001348f000 	/usr/lib/system/libsystem_coreservices.dylib
0x000000001348f000 	/usr/lib/system/libsystem_coretls.dylib
0x000000001348f000 	/usr/lib/system/libsystem_dnssd.dylib
0x000000001348f000 	/usr/lib/system/libsystem_info.dylib
0x000000001348f000 	/usr/lib/system/libsystem_kernel.dylib
0x000000001348f000 	/usr/lib/system/libsystem_m.dylib
0x000000001348f000 	/usr/lib/system/libsystem_malloc.dylib
0x000000001348f000 	/usr/lib/system/libsystem_network.dylib
0x000000001348f000 	/usr/lib/system/libsystem_networkextension.dylib
0x000000001348f000 	/usr/lib/system/libsystem_notify.dylib
0x000000001348f000 	/usr/lib/system/libsystem_platform.dylib
0x000000001348f000 	/usr/lib/system/libsystem_pthread.dylib
0x000000001348f000 	/usr/lib/system/libsystem_sandbox.dylib
0x000000001348f000 	/usr/lib/system/libsystem_secinit.dylib
0x000000001348f000 	/usr/lib/system/libsystem_symptoms.dylib
0x000000001348f000 	/usr/lib/system/libsystem_trace.dylib
0x000000001348f000 	/usr/lib/system/libunwind.dylib
0x000000001348f000 	/usr/lib/system/libxpc.dylib
0x000000001348f000 	/usr/lib/libbsm.0.dylib
0x000000001348f000 	/usr/lib/system/libkxld.dylib
0x000000001348f000 	/usr/lib/libcoretls.dylib
0x000000001348f000 	/usr/lib/libcoretls_cfhelpers.dylib
0x000000001348f000 	/usr/lib/libOpenScriptingUtil.dylib
0x000000001348f000 	/usr/lib/libpam.2.dylib
0x000000001348f000 	/usr/lib/libsqlite3.dylib
0x000000001348f000 	/usr/lib/libxar.1.dylib
0x000000001348f000 	/usr/lib/libbz2.1.0.dylib
0x000000001348f000 	/usr/lib/liblzma.5.dylib
0x000000001348f000 	/usr/lib/libnetwork.dylib
0x000000001348f000 	/usr/lib/libpcap.A.dylib
0x000000001348f000 	/System/Library/Frameworks/CoreServices.framework/Versions/A/Frameworks/FSEvents.framework/Versions/A/FSEvents
0x000000001348f000 	/System/Library/Frameworks/CoreServices.framework/Versions/A/Frameworks/CarbonCore.framework/Versions/A/CarbonCore
0x000000001348f000 	/System/Library/Frameworks/CoreServices.framework/Versions/A/Frameworks/Metadata.framework/Versions/A/Metadata
0x000000001348f000 	/System/Library/Frameworks/CoreServices.framework/Versions/A/Frameworks/OSServices.framework/Versions/A/OSServices
0x000000001348f000 	/System/Library/Frameworks/CoreServices.framework/Versions/A/Frameworks/SearchKit.framework/Versions/A/SearchKit
0x000000001348f000 	/System/Library/Frameworks/CoreServices.framework/Versions/A/Frameworks/AE.framework/Versions/A/AE
0x000000001348f000 	/System/Library/Frameworks/CoreServices.framework/Versions/A/Frameworks/LaunchServices.framework/Versions/A/LaunchServices
0x000000001348f000 	/System/Library/Frameworks/CoreServices.framework/Versions/A/Frameworks/DictionaryServices.framework/Versions/A/DictionaryServices
0x000000001348f000 	/System/Library/Frameworks/CoreServices.framework/Versions/A/Frameworks/SharedFileList.framework/Versions/A/SharedFileList
0x000000001348f000 	/System/Library/Frameworks/NetFS.framework/Versions/A/NetFS
0x000000001348f000 	/System/Library/PrivateFrameworks/NetAuth.framework/Versions/A/NetAuth
0x000000001348f000 	/System/Library/PrivateFrameworks/login.framework/Versions/A/Frameworks/loginsupport.framework/Versions/A/loginsupport
0x000000001348f000 	/System/Library/PrivateFrameworks/TCC.framework/Versions/A/TCC
0x000000001348f000 	/usr/lib/libmecabra.dylib
0x000000001348f000 	/System/Library/Frameworks/ApplicationServices.framework/Versions/A/Frameworks/ATS.framework/Versions/A/ATS
0x000000001348f000 	/System/Library/Frameworks/ApplicationServices.framework/Versions/A/Frameworks/ColorSync.framework/Versions/A/ColorSync
0x000000001348f000 	/System/Library/Frameworks/ApplicationServices.framework/Versions/A/Frameworks/HIServices.framework/Versions/A/HIServices
0x000000001348f000 	/System/Library/Frameworks/ApplicationServices.framework/Versions/A/Frameworks/LangAnalysis.framework/Versions/A/LangAnalysis
0x000000001348f000 	/System/Library/Frameworks/ApplicationServices.framework/Versions/A/Frameworks/PrintCore.framework/Versions/A/PrintCore
0x000000001348f000 	/System/Library/Frameworks/ApplicationServices.framework/Versions/A/Frameworks/QD.framework/Versions/A/QD
0x000000001348f000 	/System/Library/Frameworks/ApplicationServices.framework/Versions/A/Frameworks/SpeechSynthesis.framework/Versions/A/SpeechSynthesis
0x000000001348f000 	/System/Library/Frameworks/Accelerate.framework/Versions/A/Frameworks/vImage.framework/Versions/A/vImage
0x000000001348f000 	/System/Library/Frameworks/Accelerate.framework/Versions/A/Frameworks/vecLib.framework/Versions/A/vecLib
0x000000001348f000 	/System/Library/Frameworks/Accelerate.framework/Versions/A/Frameworks/vecLib.framework/Versions/A/libvDSP.dylib
0x000000001348f000 	/System/Library/Frameworks/Accelerate.framework/Versions/A/Frameworks/vecLib.framework/Versions/A/libBNNS.dylib
0x000000001348f000 	/System/Library/Frameworks/Accelerate.framework/Versions/A/Frameworks/vecLib.framework/Versions/A/libQuadrature.dylib
0x000000001348f000 	/System/Library/Frameworks/Accelerate.framework/Versions/A/Frameworks/vecLib.framework/Versions/A/libvMisc.dylib
0x000000001348f000 	/System/Library/Frameworks/Accelerate.framework/Versions/A/Frameworks/vecLib.framework/Versions/A/libLAPACK.dylib
0x000000001348f000 	/System/Library/Frameworks/Accelerate.framework/Versions/A/Frameworks/vecLib.framework/Versions/A/libBLAS.dylib
0x000000001348f000 	/System/Library/Frameworks/Accelerate.framework/Versions/A/Frameworks/vecLib.framework/Versions/A/libLinearAlgebra.dylib
0x000000001348f000 	/System/Library/Frameworks/Accelerate.framework/Versions/A/Frameworks/vecLib.framework/Versions/A/libSparseBLAS.dylib
0x000000001348f000 	/System/Library/Frameworks/ApplicationServices.framework/Versions/A/Frameworks/ATS.framework/Versions/A/Resources/libFontParser.dylib
0x000000001348f000 	/System/Library/Frameworks/ApplicationServices.framework/Versions/A/Frameworks/ATS.framework/Versions/A/Resources/libFontRegistry.dylib
0x000000001348f000 	/System/Library/Frameworks/ImageIO.framework/Versions/A/Resources/libJPEG.dylib
0x000000001348f000 	/System/Library/Frameworks/ImageIO.framework/Versions/A/Resources/libTIFF.dylib
0x000000001348f000 	/System/Library/Frameworks/ImageIO.framework/Versions/A/Resources/libPng.dylib
0x000000001348f000 	/System/Library/Frameworks/ImageIO.framework/Versions/A/Resources/libGIF.dylib
0x000000001348f000 	/System/Library/Frameworks/ImageIO.framework/Versions/A/Resources/libJP2.dylib
0x000000001348f000 	/System/Library/Frameworks/ImageIO.framework/Versions/A/Resources/libRadiance.dylib
0x000000001348f000 	/usr/lib/libcompression.dylib
0x000000001348f000 	/System/Library/PrivateFrameworks/AppleJPEG.framework/Versions/A/AppleJPEG
0x000000001348f000 	/usr/lib/libcups.2.dylib
0x000000001348f000 	/System/Library/Frameworks/Kerberos.framework/Versions/A/Kerberos
0x000000001348f000 	/System/Library/Frameworks/GSS.framework/Versions/A/GSS
0x000000001348f000 	/usr/lib/libresolv.9.dylib
0x000000001348f000 	/usr/lib/libiconv.2.dylib
0x000000001348f000 	/System/Library/PrivateFrameworks/Heimdal.framework/Versions/A/Heimdal
0x000000001348f000 	/usr/lib/libheimdal-asn1.dylib
0x000000001348f000 	/System/Library/Frameworks/OpenDirectory.framework/Versions/A/OpenDirectory
0x000000001348f000 	/System/Library/PrivateFrameworks/CommonAuth.framework/Versions/A/CommonAuth
0x000000001348f000 	/System/Library/Frameworks/OpenDirectory.framework/Versions/A/Frameworks/CFOpenDirectory.framework/Versions/A/CFOpenDirectory
0x000000001348f000 	/System/Library/Frameworks/SecurityFoundation.framework/Versions/A/SecurityFoundation
0x000000001348f000 	/System/Library/PrivateFrameworks/LanguageModeling.framework/Versions/A/LanguageModeling
0x000000001348f000 	/usr/lib/libmarisa.dylib
0x000000001348f000 	/usr/lib/libChineseTokenizer.dylib
0x000000001348f000 	/usr/lib/libcmph.dylib
0x000000001348f000 	/System/Library/PrivateFrameworks/CoreEmoji.framework/Versions/A/CoreEmoji
0x000000001348f000 	/System/Library/Frameworks/ServiceManagement.framework/Versions/A/ServiceManagement
0x000000001348f000 	/usr/lib/libxslt.1.dylib
0x000000001348f000 	/System/Library/Frameworks/Carbon.framework/Versions/A/Frameworks/Ink.framework/Versions/A/Ink
0x000000001348f000 	/System/Library/PrivateFrameworks/TextureIO.framework/Versions/A/TextureIO
0x000000001348f000 	/System/Library/Frameworks/Metal.framework/Versions/A/Metal
0x000000001348f000 	/usr/lib/libate.dylib
0x000000001348f000 	/System/Library/PrivateFrameworks/GPUCompiler.framework/libmetal_timestamp.dylib
0x000000001348f000 	/System/Library/Frameworks/OpenGL.framework/Versions/A/Libraries/libCoreFSCache.dylib
0x000000001348f000 	/System/Library/PrivateFrameworks/IOAccelerator.framework/Versions/A/IOAccelerator
0x000000001348f000 	/System/Library/Frameworks/CoreVideo.framework/Versions/A/CoreVideo
0x000000001348f000 	/usr/lib/libFosl_dynamic.dylib
0x000000001348f000 	/System/Library/PrivateFrameworks/MetalPerformanceShaders.framework/Versions/A/MetalPerformanceShaders
0x000000001348f000 	/System/Library/PrivateFrameworks/FaceCore.framework/Versions/A/FaceCore
0x000000001348f000 	/System/Library/Frameworks/OpenCL.framework/Versions/A/OpenCL
0x000000001348f000 	/System/Library/Frameworks/OpenGL.framework/Versions/A/Libraries/libGLU.dylib
0x000000001348f000 	/System/Library/Frameworks/OpenGL.framework/Versions/A/Libraries/libGFXShared.dylib
0x000000001348f000 	/System/Library/Frameworks/OpenGL.framework/Versions/A/Libraries/libGL.dylib
0x000000001348f000 	/System/Library/Frameworks/OpenGL.framework/Versions/A/Libraries/libGLImage.dylib
0x000000001348f000 	/System/Library/Frameworks/OpenGL.framework/Versions/A/Libraries/libCVMSPluginSupport.dylib
0x000000001348f000 	/System/Library/Frameworks/OpenGL.framework/Versions/A/Libraries/libCoreVMClient.dylib
0x000000001348f000 	/System/Library/PrivateFrameworks/CrashReporterSupport.framework/Versions/A/CrashReporterSupport
0x000000001348f000 	/System/Library/PrivateFrameworks/Sharing.framework/Versions/A/Sharing
0x000000001348f000 	/System/Library/PrivateFrameworks/IconServices.framework/Versions/A/IconServices
0x000000001348f000 	/System/Library/PrivateFrameworks/ProtocolBuffer.framework/Versions/A/ProtocolBuffer
0x000000001348f000 	/System/Library/PrivateFrameworks/Apple80211.framework/Versions/A/Apple80211
0x000000001348f000 	/System/Library/Frameworks/CoreWLAN.framework/Versions/A/CoreWLAN
0x000000001348f000 	/System/Library/PrivateFrameworks/CoreUtils.framework/Versions/A/CoreUtils
0x000000001348f000 	/System/Library/Frameworks/IOBluetooth.framework/Versions/A/IOBluetooth
0x000000001348f000 	/System/Library/PrivateFrameworks/CoreWiFi.framework/Versions/A/CoreWiFi
0x000000001348f000 	/System/Library/Frameworks/CoreBluetooth.framework/Versions/A/CoreBluetooth
0x000000001348f000 	/System/Library/Frameworks/CoreDisplay.framework/Versions/A/CoreDisplay
0x000000001348f000 	/System/Library/PrivateFrameworks/IOPresentment.framework/Versions/A/IOPresentment
0x000000001348f000 	/System/Library/PrivateFrameworks/DSExternalDisplay.framework/Versions/A/DSExternalDisplay
0x000000001348f000 	/System/Library/PrivateFrameworks/DebugSymbols.framework/Versions/A/DebugSymbols
0x000000001348f000 	/System/Library/PrivateFrameworks/CoreSymbolication.framework/Versions/A/CoreSymbolication
0x000000001348f000 	/System/Library/PrivateFrameworks/Symbolication.framework/Versions/A/Symbolication
0x000000001348f000 	/System/Library/PrivateFrameworks/AppleFSCompression.framework/Versions/A/AppleFSCompression
0x000000001348f000 	/System/Library/PrivateFrameworks/SpeechRecognitionCore.framework/Versions/A/SpeechRecognitionCore
0x000000001348f000 	/System/Library/PrivateFrameworks/ChunkingLibrary.framework/Versions/A/ChunkingLibrary
0x000000004f3d5000 	/System/Library/CoreServices/Encodings/libCyrillicConverter.dylib
0x000000010970b000 	/Library/Java/JavaVirtualMachines/jdk1.8.0_91.jdk/Contents/Home/jre/lib/server/libjvm.dylib
0x000000001348f000 	/usr/lib/libstdc++.6.dylib
0x000000010a69f000 	/Library/Java/JavaVirtualMachines/jdk1.8.0_91.jdk/Contents/Home/jre/lib/libverify.dylib
0x000000010a6ad000 	/Library/Java/JavaVirtualMachines/jdk1.8.0_91.jdk/Contents/Home/jre/lib/libjava.dylib
0x000000010a6ec000 	/Library/Java/JavaVirtualMachines/jdk1.8.0_91.jdk/Contents/Home/jre/lib/libzip.dylib
0x0000000115077000 	/System/Library/Frameworks/JavaVM.framework/Frameworks/JavaRuntimeSupport.framework/JavaRuntimeSupport
0x0000000115091000 	/System/Library/Frameworks/JavaVM.framework/Versions/A/Frameworks/JavaNativeFoundation.framework/Versions/A/JavaNativeFoundation
0x00000001150a6000 	/System/Library/Frameworks/JavaVM.framework/Versions/A/JavaVM
0x000000001348f000 	/System/Library/Frameworks/Carbon.framework/Versions/A/Carbon
0x00000001150b3000 	/System/Library/PrivateFrameworks/JavaLaunching.framework/Versions/A/JavaLaunching
0x000000001348f000 	/System/Library/Frameworks/Carbon.framework/Versions/A/Frameworks/CommonPanels.framework/Versions/A/CommonPanels
0x000000001348f000 	/System/Library/Frameworks/Carbon.framework/Versions/A/Frameworks/Help.framework/Versions/A/Help
0x000000001348f000 	/System/Library/Frameworks/Carbon.framework/Versions/A/Frameworks/ImageCapture.framework/Versions/A/ImageCapture
0x000000001348f000 	/System/Library/Frameworks/Carbon.framework/Versions/A/Frameworks/OpenScripting.framework/Versions/A/OpenScripting
0x000000001348f000 	/System/Library/Frameworks/Carbon.framework/Versions/A/Frameworks/Print.framework/Versions/A/Print
0x000000001348f000 	/System/Library/Frameworks/Carbon.framework/Versions/A/Frameworks/SecurityHI.framework/Versions/A/SecurityHI
0x0000000116bd0000 	/Library/Java/JavaVirtualMachines/jdk1.8.0_91.jdk/Contents/Home/jre/lib/libawt.dylib
0x0000000116c78000 	/Library/Java/JavaVirtualMachines/jdk1.8.0_91.jdk/Contents/Home/jre/lib/./libmlib_image.dylib
0x0000000116d44000 	/Library/Java/JavaVirtualMachines/jdk1.8.0_91.jdk/Contents/Home/jre/lib/libawt_lwawt.dylib
0x0000000116df9000 	/Library/Java/JavaVirtualMachines/jdk1.8.0_91.jdk/Contents/Home/jre/lib/./libosxapp.dylib
0x000000001348f000 	/System/Library/Frameworks/ExceptionHandling.framework/Versions/A/ExceptionHandling
0x000000001348f000 	/System/Library/PrivateFrameworks/CoreServicesInternal.framework/Versions/A/CoreServicesInternal
0x000000001348f000 	/System/Library/CoreServices/RawCamera.bundle/Contents/MacOS/RawCamera
0x000000001348f000 	/System/Library/Frameworks/Accelerate.framework/Versions/A/Frameworks/vImage.framework/Versions/A/Libraries/libCGInterfaces.dylib
0x000000001348f000 	/System/Library/Frameworks/ApplicationServices.framework/Versions/A/Frameworks/ATS.framework/Versions/A/Resources/libTrueTypeScaler.dylib
0x000000001348f000 	/System/Library/Frameworks/OpenGL.framework/Versions/A/Resources/GLEngine.bundle/GLEngine
0x000000001348f000 	/System/Library/Frameworks/OpenGL.framework/Versions/A/Libraries/libGLProgrammability.dylib
0x000000001348f000 	/System/Library/Extensions/GeForceGLDriver.bundle/Contents/MacOS/GeForceGLDriver
0x000000001348f000 	/System/Library/Extensions/GeForceGLDriver.bundle/Contents/MacOS/libclh.dylib
0x000000001348f000 	/System/Library/PrivateFrameworks/GPUSupport.framework/Versions/A/Libraries/libGPUSupportMercury.dylib
0x000000001348f000 	/System/Library/Frameworks/OpenGL.framework/Versions/A/Resources/GLRendererFloat.bundle/GLRendererFloat
0x000000001348f000 	/System/Library/Frameworks/OpenCL.framework/Versions/A/Libraries/libcldcpuengine.dylib
0x000000001348f000 	/usr/lib/libcrypto.0.9.8.dylib
0x000000001348f000 	/System/Library/PrivateFrameworks/TrustEvaluationAgent.framework/Versions/A/TrustEvaluationAgent
0x000000001348f000 	/System/Library/Extensions/GeForceMTLDriver.bundle/Contents/MacOS/GeForceMTLDriver
0x000000001348f000 	/System/Library/PrivateFrameworks/FamilyControls.framework/Versions/A/FamilyControls
0x000000001348f000 	/System/Library/PrivateFrameworks/CommerceKit.framework/Versions/A/Frameworks/CommerceCore.framework/Versions/A/CommerceCore
0x000000001348f000 	/System/Library/PrivateFrameworks/SystemAdministration.framework/Versions/A/SystemAdministration
0x000000001348f000 	/System/Library/PrivateFrameworks/AppContainer.framework/Versions/A/AppContainer
0x000000001348f000 	/System/Library/PrivateFrameworks/SecCodeWrapper.framework/Versions/A/SecCodeWrapper
0x000000001348f000 	/System/Library/Frameworks/DirectoryService.framework/Versions/A/DirectoryService
0x000000001348f000 	/System/Library/PrivateFrameworks/DiskImages.framework/Versions/A/DiskImages
0x000000001348f000 	/System/Library/PrivateFrameworks/LoginUIKit.framework/Versions/A/Frameworks/LoginUICore.framework/Versions/A/LoginUICore
0x000000001348f000 	/usr/lib/libCoreStorage.dylib
0x000000001348f000 	/usr/lib/libcsfde.dylib
0x000000001348f000 	/usr/lib/libodfde.dylib
0x000000001348f000 	/System/Library/Frameworks/DiscRecording.framework/Versions/A/DiscRecording
0x000000001348f000 	/usr/lib/libcurl.4.dylib
0x000000001348f000 	/System/Library/PrivateFrameworks/MediaKit.framework/Versions/A/MediaKit
0x000000001348f000 	/System/Library/PrivateFrameworks/ProtectedCloudStorage.framework/Versions/A/ProtectedCloudStorage
0x000000001348f000 	/System/Library/PrivateFrameworks/EFILogin.framework/Versions/A/EFILogin
0x000000001348f000 	/usr/lib/libutil.dylib
0x000000001348f000 	/System/Library/Frameworks/LDAP.framework/Versions/A/LDAP
0x000000001348f000 	/usr/lib/libsasl2.2.dylib
0x000000001348f000 	/System/Library/PrivateFrameworks/CoreDaemon.framework/Versions/B/CoreDaemon
0x000000001348f000 	/System/Library/PrivateFrameworks/AppleSRP.framework/Versions/A/AppleSRP
0x000000001348f000 	/System/Library/PrivateFrameworks/APFS.framework/Versions/A/APFS
0x000000012dbd0000 	/Library/Java/JavaVirtualMachines/jdk1.8.0_91.jdk/Contents/Home/jre/lib/libfontmanager.dylib
0x000000012dc37000 	/Library/Java/JavaVirtualMachines/jdk1.8.0_91.jdk/Contents/Home/jre/lib/libosxui.dylib
0x000000001348f000 	/System/Library/PrivateFrameworks/ViewBridge.framework/Versions/A/ViewBridge
0x000000001348f000 	/System/Library/PrivateFrameworks/XPCService.framework/Versions/A/XPCService
0x000000001348f000 	/System/Library/PrivateFrameworks/AppSandbox.framework/Versions/A/AppSandbox
0x000000001348f000 	/usr/lib/libsandbox.1.dylib
0x000000001348f000 	/usr/lib/libMatch.1.dylib
0x000000012ea34000 	/Library/Java/JavaVirtualMachines/jdk1.8.0_91.jdk/Contents/Home/jre/lib/libnet.dylib
0x000000012ea4b000 	/Library/Java/JavaVirtualMachines/jdk1.8.0_91.jdk/Contents/Home/jre/lib/libnio.dylib

VM Arguments:
jvm_args: -Dfile.encoding=UTF-8 
java_command: org.doomday.emulator.Main
java_class_path (initial): /Volumes/WORK/doomday/doomday-server/target/classes:/Users/sysadmin/.m2/repository/org/mockito/mockito-all/1.10.19/mockito-all-1.10.19.jar:/Users/sysadmin/.m2/repository/commons-codec/commons-codec/1.10/commons-codec-1.10.jar:/Users/sysadmin/.m2/repository/org/springframework/spring-webmvc/4.2.5.RELEASE/spring-webmvc-4.2.5.RELEASE.jar:/Users/sysadmin/.m2/repository/org/springframework/spring-beans/4.2.5.RELEASE/spring-beans-4.2.5.RELEASE.jar:/Users/sysadmin/.m2/repository/org/springframework/spring-context/4.2.5.RELEASE/spring-context-4.2.5.RELEASE.jar:/Users/sysadmin/.m2/repository/org/springframework/spring-aop/4.2.5.RELEASE/spring-aop-4.2.5.RELEASE.jar:/Users/sysadmin/.m2/repository/aopalliance/aopalliance/1.0/aopalliance-1.0.jar:/Users/sysadmin/.m2/repository/org/springframework/spring-core/4.2.5.RELEASE/spring-core-4.2.5.RELEASE.jar:/Users/sysadmin/.m2/repository/commons-logging/commons-logging/1.2/commons-logging-1.2.jar:/Users/sysadmin/.m2/repository/org/springframework/spring-expression/4.2.5.RELEASE/spring-expression-4.2.5.RELEASE.jar:/Users/sysadmin/.m2/repository/org/springframework/spring-web/4.2.5.RELEASE/spring-web-4.2.5.RELEASE.jar:/Users/sysadmin/.m2/repository/org/springframework/spring-context-support/4.2.5.RELEASE/spring-context-support-4.2.5.RELEASE.jar:/Users/sysadmin/.m2/repository/org/springframework/spring-websocket/4.2.5.RELEASE/spring-websocket-4.2.5.RELEASE.jar:/Users/sysadmin/.m2/repository/org/springframework/spring-test/4.2.5.RELEASE/spring-test-4.2.5.RELEASE.jar:/Users/sysadmin/.m2/repository/com/fasterxml/jackson/core/jackson-core/2.8.9/jackson-core-2.8.9.jar:/Users/sysadmin/.m2/repository/com/fasterxml/jackson/core/jackson-databind/2.8.9/jackson-databind-2.8.9.jar:/Users/sysadmin/.m2/repository/com/fasterxml/jackson/core/jackson-annotations/2.8.9/jackson-annotations-2.8.9.jar:/Users/sysadmin/.m2/repository/javax/servlet/javax.servlet-api/3.0.1/javax.servlet-api-3.0.1.jar:/Users/sysadmin/.m2/repository/org
Launcher Type: SUN_STANDARD

Environment Variables:
PATH=/usr/bin:/bin:/usr/sbin:/sbin
SHELL=/bin/bash
DISPLAY=/private/tmp/com.apple.launchd.C2nr0EoYHh/org.macosforge.xquartz:0

Signal Handlers:
SIGSEGV: [libjvm.dylib+0x5a97a1], sa_mask[0]=11111111011111110111111111111111, sa_flags=SA_ONSTACK|SA_RESTART|SA_SIGINFO
SIGBUS: [libjvm.dylib+0x5a97a1], sa_mask[0]=11111111011111110111111111111111, sa_flags=SA_RESTART|SA_SIGINFO
SIGFPE: [libjvm.dylib+0x482594], sa_mask[0]=11111111011111110111111111111111, sa_flags=SA_RESTART|SA_SIGINFO
SIGPIPE: [libjvm.dylib+0x482594], sa_mask[0]=11111111011111110111111111111111, sa_flags=SA_RESTART|SA_SIGINFO
SIGXFSZ: [libjvm.dylib+0x482594], sa_mask[0]=11111111011111110111111111111111, sa_flags=SA_RESTART|SA_SIGINFO
SIGILL: [libjvm.dylib+0x482594], sa_mask[0]=11111111011111110111111111111111, sa_flags=SA_RESTART|SA_SIGINFO
SIGUSR1: SIG_DFL, sa_mask[0]=00000000000000000000000000000000, sa_flags=none
SIGUSR2: [libjvm.dylib+0x4820b2], sa_mask[0]=00100000000000000000000000000000, sa_flags=SA_RESTART|SA_SIGINFO
SIGHUP: [libjvm.dylib+0x480689], sa_mask[0]=11111111011111110111111111111111, sa_flags=SA_RESTART|SA_SIGINFO
SIGINT: [libjvm.dylib+0x480689], sa_mask[0]=11111111011111110111111111111111, sa_flags=SA_RESTART|SA_SIGINFO
SIGTERM: [libjvm.dylib+0x480689], sa_mask[0]=11111111011111110111111111111111, sa_flags=SA_RESTART|SA_SIGINFO
SIGQUIT: [libjvm.dylib+0x480689], sa_mask[0]=11111111011111110111111111111111, sa_flags=SA_RESTART|SA_SIGINFO


---------------  S Y S T E M  ---------------

OS:Bsduname:Darwin 16.6.0 Darwin Kernel Version 16.6.0: Fri Apr 14 16:21:16 PDT 2017; root:xnu-3789.60.24~6/RELEASE_X86_64 x86_64
rlimit: STACK 8192k, CORE 0k, NPROC 709, NOFILE 10240, AS infinity
load average:3.78 3.81 3.59

CPU:total 4 (4 cores per cpu, 1 threads per core) family 6 model 58 stepping 9, cmov, cx8, fxsr, mmx, sse, sse2, sse3, ssse3, sse4.1, sse4.2, popcnt, avx, aes, clmul, erms, tsc, tscinvbit, tscinv

Memory: 4k page, physical 14680064k(100368k free)

/proc/meminfo:


vm_info: Java HotSpot(TM) 64-Bit Server VM (25.91-b14) for bsd-amd64 JRE (1.8.0_91-b14), built on Apr  1 2016 01:03:00 by "java_re" with gcc 4.2.1 (Based on Apple Inc. build 5658) (LLVM build 2336.11.00)

time: Mon Jul 10 22:26:44 2017
elapsed time: 10427 seconds (0d 2h 53m 47s)

