#
# A fatal error has been detected by the Java Runtime Environment:
#
#  SIGSEGV (0xb) at pc=0x0000000123369e43, pid=877, tid=54279
#
# JRE version: Java(TM) SE Runtime Environment (8.0_91-b14) (build 1.8.0_91-b14)
# Java VM: Java HotSpot(TM) 64-Bit Server VM (25.91-b14 mixed mode bsd-amd64 compressed oops)
# Problematic frame:
# C  [libawt_lwawt.dylib+0x1ae43]  OGLSD_SetScratchSurface+0x49
#
# Failed to write core dump. Core dumps have been disabled. To enable core dumping, try "ulimit -c unlimited" before starting Java again
#
# If you would like to submit a bug report, please visit:
#   http://bugreport.java.com/bugreport/crash.jsp
# The crash happened outside the Java Virtual Machine in native code.
# See problematic frame for where to report the bug.
#

---------------  T H R E A D  ---------------

Current thread (0x00007fe224972000):  JavaThread "Java2D Queue Flusher" daemon [_thread_in_native, id=54279, stack(0x0000700001e0f000,0x0000700001f0f000)]

siginfo: si_signo: 11 (SIGSEGV), si_code: 1 (SEGV_MAPERR), si_addr: 0x0000000000000002

Registers:
RAX=0x00000000ffffffff, RBX=0x0000000000000002, RCX=0x0000000000000047, RDX=0x000000012338a8ec
RSP=0x0000700001f0e7b0, RBP=0x0000700001f0e7d0, RSI=0x00007fe223f802a0, RDI=0x00007fe2249721f8
R8 =0x00007fe223d61f40, R9 =0x0000000000002c87, R10=0x00000001110646b8, R11=0x0000000000000020
R12=0x0000000000000000, R13=0x0000700001f0e8e0, R14=0x00007fe2249721f8, R15=0x00007fe224972000
RIP=0x0000000123369e43, EFLAGS=0x0000000000010202, ERR=0x0000000000000004
  TRAPNO=0x000000000000000e

Top of Stack: (sp=0x0000700001f0e7b0)
0x0000700001f0e7b0:   00007fe223f802a0 0000000000000000
0x0000700001f0e7c0:   00007fe2249b9e10 00007fe224972000
0x0000700001f0e7d0:   0000700001f0e850 000000012338a3ca
0x0000700001f0e7e0:   0000000000000064 0000000000000000
0x0000700001f0e7f0:   0000000000000064 00007fe223d619b8
0x0000700001f0e800:   0000700001f0e860 000000010794dc60
0x0000700001f0e810:   00007fe200000005 00007fe2249b9e20
0x0000700001f0e820:   0000000000000001 00007fe2249721f8
0x0000700001f0e830:   0000000120659d00 0000000000000000
0x0000700001f0e840:   0000700001f0e960 00007fe224972000
0x0000700001f0e850:   0000700001f0e8a0 000000011106472a
0x0000700001f0e860:   00000006e013c818 0000000110dcd768
0x0000700001f0e870:   00000006e013c8f0 0000000110e15966
0x0000700001f0e880:   00000006e013c8f0 000000012065d650
0x0000700001f0e890:   0000000000000000 0000000000000000
0x0000700001f0e8a0:   00000006e013c818 00000001112492b0
0x0000700001f0e8b0:   0000700001f0e938 0000000110abe2bd
0x0000700001f0e8c0:   0000700001f0e938 0000000110abe2bd
0x0000700001f0e8d0:   0000000000000064 0000000110abe2bd
0x0000700001f0e8e0:   00000006e013c818 0000000000000001
0x0000700001f0e8f0:   00000006e013c8f0 0000700001f0e8e8
0x0000700001f0e900:   000000012065d549 0000700001f0e960
0x0000700001f0e910:   000000012065ddd0 00000001834e1ef8
0x0000700001f0e920:   000000012065d650 0000700001f0e8e0
0x0000700001f0e930:   0000700001f0e960 0000700001f0e9d0
0x0000700001f0e940:   0000000110ab67a7 0000000000000000
0x0000700001f0e950:   0000000000000000 deaddeaf00000000
0x0000700001f0e960:   00000006e013c8f0 00000006e013c8f0
0x0000700001f0e970:   0000700000001fa0 000000000000000a
0x0000700001f0e980:   00007fe224972000 0000000000000001
0x0000700001f0e990:   0000000110ab671f 000000012065d650
0x0000700001f0e9a0:   0000700001f0ea68 0000700001f0ed00 

Instructions: (pc=0x0000000123369e43)
0x0000000123369e23:   c0 e9 82 00 00 00 48 8b 5e 10 48 85 db 75 0e bf
0x0000000123369e33:   01 00 00 00 48 8d 15 fd 75 03 00 eb d6 49 89 fe
0x0000000123369e43:   4c 8b 3b 30 c0 e8 c5 a2 02 00 49 8b 3f 49 89 c4
0x0000000123369e53:   48 8b 35 ae f7 05 00 30 c0 e8 cb a3 02 00 48 85 

Register to memory mapping:

RAX=0x00000000ffffffff is an unknown value
RBX=0x0000000000000002 is an unknown value
RCX=0x0000000000000047 is an unknown value
RDX=0x000000012338a8ec: Java_sun_java2d_opengl_OGLRenderQueue_flushBuffer+0xb5c in /Library/Java/JavaVirtualMachines/jdk1.8.0_91.jdk/Contents/Home/jre/lib/libawt_lwawt.dylib at 0x000000012334f000
RSP=0x0000700001f0e7b0 is pointing into the stack for thread: 0x00007fe224972000
RBP=0x0000700001f0e7d0 is pointing into the stack for thread: 0x00007fe224972000
RSI=0x00007fe223f802a0 is an unknown value
RDI=0x00007fe2249721f8 is an unknown value
R8 =0x00007fe223d61f40 is an unknown value
R9 =0x0000000000002c87 is an unknown value
R10=0x00000001110646b8 is at entry_point+56 in (nmethod*)0x0000000111064510
R11=0x0000000000000020 is an unknown value
R12=0x0000000000000000 is an unknown value
R13=0x0000700001f0e8e0 is pointing into the stack for thread: 0x00007fe224972000
R14=0x00007fe2249721f8 is an unknown value
R15=0x00007fe224972000 is a thread


Stack: [0x0000700001e0f000,0x0000700001f0f000],  sp=0x0000700001f0e7b0,  free space=1021k
Native frames: (J=compiled Java code, j=interpreted, Vv=VM code, C=native code)
C  [libawt_lwawt.dylib+0x1ae43]  OGLSD_SetScratchSurface+0x49
C  [libawt_lwawt.dylib+0x3b3ca]  Java_sun_java2d_opengl_OGLRenderQueue_flushBuffer+0x63a
J 1779  sun.java2d.opengl.OGLRenderQueue.flushBuffer(JI)V (0 bytes) @ 0x000000011106472a [0x0000000111064680+0xaa]
J 4947 C2 sun.java2d.opengl.OGLRenderQueue.access$100(Lsun/java2d/opengl/OGLRenderQueue;)V (5 bytes) @ 0x00000001112492b0 [0x0000000111249280+0x30]
j  sun.java2d.opengl.OGLRenderQueue$QueueFlusher.run()V+81
v  ~StubRoutines::call_stub
V  [libjvm.dylib+0x2ec1e6]
V  [libjvm.dylib+0x2ec974]
V  [libjvm.dylib+0x2ecb20]
V  [libjvm.dylib+0x34726d]
V  [libjvm.dylib+0x563d17]
V  [libjvm.dylib+0x565412]
V  [libjvm.dylib+0x484f82]
C  [libsystem_pthread.dylib+0x393b]  _pthread_body+0xb4
C  [libsystem_pthread.dylib+0x3887]  _pthread_body+0x0
C  [libsystem_pthread.dylib+0x308d]  thread_start+0xd
C  0x0000000000000000

Java frames: (J=compiled Java code, j=interpreted, Vv=VM code)
J 1779  sun.java2d.opengl.OGLRenderQueue.flushBuffer(JI)V (0 bytes) @ 0x00000001110646b8 [0x0000000111064680+0x38]
J 4947 C2 sun.java2d.opengl.OGLRenderQueue.access$100(Lsun/java2d/opengl/OGLRenderQueue;)V (5 bytes) @ 0x00000001112492b0 [0x0000000111249280+0x30]
j  sun.java2d.opengl.OGLRenderQueue$QueueFlusher.run()V+81
v  ~StubRoutines::call_stub

---------------  P R O C E S S  ---------------

Java Threads: ( => current thread )
  0x00007fe225018000 JavaThread "Timer-16" [_thread_blocked, id=74759, stack(0x00007000034da000,0x00007000035da000)]
  0x00007fe225122000 JavaThread "Thread-23" [_thread_blocked, id=74031, stack(0x00007000033d7000,0x00007000034d7000)]
  0x00007fe22c237000 JavaThread "Timer-15" [_thread_blocked, id=71435, stack(0x00007000032d4000,0x00007000033d4000)]
  0x00007fe22c23a000 JavaThread "Timer-14" [_thread_blocked, id=70847, stack(0x00007000031d1000,0x00007000032d1000)]
  0x00007fe22c236000 JavaThread "Thread-20" [_thread_in_native, id=73595, stack(0x00007000030ce000,0x00007000031ce000)]
  0x00007fe22c22b800 JavaThread "Timer-13" [_thread_blocked, id=68855, stack(0x0000700002cbf000,0x0000700002dbf000)]
  0x00007fe225dab800 JavaThread "Timer-10" [_thread_blocked, id=72707, stack(0x0000700002fcb000,0x00007000030cb000)]
  0x00007fe2259e6800 JavaThread "Thread-15" [_thread_blocked, id=72195, stack(0x0000700002ec8000,0x0000700002fc8000)]
  0x00007fe2245a6000 JavaThread "Timer-8" [_thread_blocked, id=65535, stack(0x0000700002bbc000,0x0000700002cbc000)]
  0x00007fe224881800 JavaThread "Thread-12" [_thread_in_native, id=63987, stack(0x0000700002ab9000,0x0000700002bb9000)]
  0x00007fe2243e9000 JavaThread "Timer-6" [_thread_blocked, id=69635, stack(0x00007000029b6000,0x0000700002ab6000)]
  0x00007fe225475000 JavaThread "Thread-9" [_thread_in_native, id=69127, stack(0x00007000028b3000,0x00007000029b3000)]
  0x00007fe22a0d4000 JavaThread "Timer-4" [_thread_blocked, id=64819, stack(0x00007000025a7000,0x00007000026a7000)]
  0x00007fe2258a8800 JavaThread "Thread-6" [_thread_in_native, id=37395, stack(0x00007000024a4000,0x00007000025a4000)]
  0x00007fe225d99000 JavaThread "Timer-1" [_thread_blocked, id=64731, stack(0x00007000023a1000,0x00007000024a1000)]
  0x00007fe22a858800 JavaThread "Thread-2" [_thread_blocked, id=4663, stack(0x000070000229e000,0x000070000239e000)]
  0x00007fe2243e4800 JavaThread "TimerQueue" daemon [_thread_blocked, id=4167, stack(0x0000700002118000,0x0000700002218000)]
  0x00007fe2254d4800 JavaThread "DestroyJavaVM" [_thread_blocked, id=7171, stack(0x0000700000ddc000,0x0000700000edc000)]
  0x00007fe224a29000 JavaThread "AWT-EventQueue-0" [_thread_blocked, id=57103, stack(0x0000700002015000,0x0000700002115000)]
  0x00007fe224a19800 JavaThread "Java2D Disposer" daemon [_thread_blocked, id=56335, stack(0x0000700001f12000,0x0000700002012000)]
=>0x00007fe224972000 JavaThread "Java2D Queue Flusher" daemon [_thread_in_native, id=54279, stack(0x0000700001e0f000,0x0000700001f0f000)]
  0x00007fe2251d6800 JavaThread "AWT-Shutdown" [_thread_blocked, id=29727, stack(0x0000700001c89000,0x0000700001d89000)]
  0x00007fe225a06000 JavaThread "AppKit Thread" daemon [_thread_in_native, id=775, stack(0x00007fff587f8000,0x00007fff58ff8000)]
  0x00007fe22500f000 JavaThread "Service Thread" daemon [_thread_blocked, id=18691, stack(0x0000700001a00000,0x0000700001b00000)]
  0x00007fe224830800 JavaThread "C1 CompilerThread2" daemon [_thread_blocked, id=18179, stack(0x00007000018fd000,0x00007000019fd000)]
  0x00007fe224855000 JavaThread "C2 CompilerThread1" daemon [_thread_blocked, id=17667, stack(0x00007000017fa000,0x00007000018fa000)]
  0x00007fe224854800 JavaThread "C2 CompilerThread0" daemon [_thread_blocked, id=17155, stack(0x00007000016f7000,0x00007000017f7000)]
  0x00007fe225015000 JavaThread "Signal Dispatcher" daemon [_thread_blocked, id=16643, stack(0x00007000015f4000,0x00007000016f4000)]
  0x00007fe22484d800 JavaThread "Finalizer" daemon [_thread_blocked, id=12547, stack(0x00007000014f1000,0x00007000015f1000)]
  0x00007fe22484b000 JavaThread "Reference Handler" daemon [_thread_in_Java, id=12035, stack(0x00007000013ee000,0x00007000014ee000)]

Other Threads:
  0x00007fe224848000 VMThread [stack: 0x00007000012eb000,0x00007000013eb000] [id=11523]
  0x00007fe22500d800 WatcherThread [stack: 0x0000700001b03000,0x0000700001c03000] [id=19203]

VM state:not at safepoint (normal execution)

VM Mutex/Monitor currently owned by a thread: None

Heap:
 PSYoungGen      total 102912K, used 3153K [0x0000000775580000, 0x000000077d400000, 0x00000007c0000000)
  eden space 99840K, 3% used [0x0000000775580000,0x00000007758947d0,0x000000077b700000)
  from space 3072K, 0% used [0x000000077b700000,0x000000077b700000,0x000000077ba00000)
  to   space 5632K, 0% used [0x000000077ce80000,0x000000077ce80000,0x000000077d400000)
 ParOldGen       total 106496K, used 37238K [0x00000006e0000000, 0x00000006e6800000, 0x0000000775580000)
  object space 106496K, 34% used [0x00000006e0000000,0x00000006e245d828,0x00000006e6800000)
 Metaspace       used 21678K, capacity 22472K, committed 23040K, reserved 1069056K
  class space    used 2546K, capacity 2847K, committed 3072K, reserved 1048576K

Card table byte_map: [0x0000000108954000,0x0000000109055000] byte_map_base: 0x0000000105254000

Marking Bits: (ParMarkBitMap*) 0x0000000107ee6eb0
 Begin Bits: [0x0000000109500000, 0x000000010cd00000)
 End Bits:   [0x000000010cd00000, 0x0000000110500000)

Polling page: 0x0000000106cce000

CodeCache: size=245760Kb used=14025Kb max_used=14136Kb free=231734Kb
 bounds [0x0000000110ab6000, 0x00000001118b6000, 0x000000011fab6000]
 total_blobs=4761 nmethods=4156 adapters=516
 compilation: enabled

Compilation events (10 events):
Event: 7452.712 Thread 0x00007fe224854800 5161       4       com.apple.laf.AquaScrollRegionBorder::paintBorder (74 bytes)
Event: 7452.716 Thread 0x00007fe224854800 nmethod 5161 0x000000011133b710 code [0x000000011133b8c0, 0x000000011133bd98]
Event: 7574.242 Thread 0x00007fe224855000 5162       4       java.util.AbstractCollection::addAll (42 bytes)
Event: 7574.259 Thread 0x00007fe224855000 nmethod 5162 0x00000001118acc90 code [0x00000001118acf20, 0x00000001118ae1f0]
Event: 7579.263 Thread 0x00007fe224855000 5163       4       com.apple.laf.AquaScrollBarUI::paint (31 bytes)
Event: 7579.263 Thread 0x00007fe224854800 5164       4       com.apple.laf.AquaScrollBarUI::getThumbPercent (43 bytes)
Event: 7579.264 Thread 0x00007fe224854800 nmethod 5164 0x000000011103f6d0 code [0x000000011103f820, 0x000000011103f918]
Event: 7579.269 Thread 0x00007fe224855000 nmethod 5163 0x000000011137ab10 code [0x000000011137ace0, 0x000000011137b2b8]
Event: 7735.211 Thread 0x00007fe224854800 5165   !   4       java.util.concurrent.ConcurrentHashMap::initTable (115 bytes)
Event: 7735.212 Thread 0x00007fe224854800 nmethod 5165 0x00000001116f76d0 code [0x00000001116f7820, 0x00000001116f7a18]

GC Heap History (10 events):
Event: 7798.546 GC heap before
{Heap before GC invocations=45452 (full 28):
 PSYoungGen      total 74752K, used 71168K [0x0000000775580000, 0x000000077af80000, 0x00000007c0000000)
  eden space 71168K, 100% used [0x0000000775580000,0x0000000779b00000,0x0000000779b00000)
  from space 3584K, 0% used [0x0000000779b00000,0x0000000779b00000,0x0000000779e80000)
  to   space 3584K, 0% used [0x000000077ac00000,0x000000077ac00000,0x000000077af80000)
 ParOldGen       total 102400K, used 97191K [0x00000006e0000000, 0x00000006e6400000, 0x0000000775580000)
  object space 102400K, 94% used [0x00000006e0000000,0x00000006e5ee9e08,0x00000006e6400000)
 Metaspace       used 21782K, capacity 22678K, committed 23040K, reserved 1069056K
  class space    used 2584K, capacity 2918K, committed 3072K, reserved 1048576K
Event: 7798.548 GC heap after
Heap after GC invocations=45452 (full 28):
 PSYoungGen      total 86528K, used 448K [0x0000000775580000, 0x000000077ae00000, 0x00000007c0000000)
  eden space 84480K, 0% used [0x0000000775580000,0x0000000775580000,0x000000077a800000)
  from space 2048K, 21% used [0x000000077ac00000,0x000000077ac70000,0x000000077ae00000)
  to   space 3072K, 0% used [0x000000077a800000,0x000000077a800000,0x000000077ab00000)
 ParOldGen       total 102400K, used 97191K [0x00000006e0000000, 0x00000006e6400000, 0x0000000775580000)
  object space 102400K, 94% used [0x00000006e0000000,0x00000006e5ee9e08,0x00000006e6400000)
 Metaspace       used 21782K, capacity 22678K, committed 23040K, reserved 1069056K
  class space    used 2584K, capacity 2918K, committed 3072K, reserved 1048576K
}
Event: 7798.866 GC heap before
{Heap before GC invocations=45453 (full 28):
 PSYoungGen      total 86528K, used 84928K [0x0000000775580000, 0x000000077ae00000, 0x00000007c0000000)
  eden space 84480K, 100% used [0x0000000775580000,0x000000077a800000,0x000000077a800000)
  from space 2048K, 21% used [0x000000077ac00000,0x000000077ac70000,0x000000077ae00000)
  to   space 3072K, 0% used [0x000000077a800000,0x000000077a800000,0x000000077ab00000)
 ParOldGen       total 102400K, used 97191K [0x00000006e0000000, 0x00000006e6400000, 0x0000000775580000)
  object space 102400K, 94% used [0x00000006e0000000,0x00000006e5ee9e08,0x00000006e6400000)
 Metaspace       used 21782K, capacity 22678K, committed 23040K, reserved 1069056K
  class space    used 2584K, capacity 2918K, committed 3072K, reserved 1048576K
Event: 7798.868 GC heap after
Heap after GC invocations=45453 (full 28):
 PSYoungGen      total 87552K, used 64K [0x0000000775580000, 0x000000077bd80000, 0x00000007c0000000)
  eden space 84480K, 0% used [0x0000000775580000,0x0000000775580000,0x000000077a800000)
  from space 3072K, 2% used [0x000000077a800000,0x000000077a810000,0x000000077ab00000)
  to   space 3072K, 0% used [0x000000077ba80000,0x000000077ba80000,0x000000077bd80000)
 ParOldGen       total 102400K, used 97591K [0x00000006e0000000, 0x00000006e6400000, 0x0000000775580000)
  object space 102400K, 95% used [0x00000006e0000000,0x00000006e5f4de08,0x00000006e6400000)
 Metaspace       used 21782K, capacity 22678K, committed 23040K, reserved 1069056K
  class space    used 2584K, capacity 2918K, committed 3072K, reserved 1048576K
}
Event: 7799.185 GC heap before
{Heap before GC invocations=45454 (full 28):
 PSYoungGen      total 87552K, used 84544K [0x0000000775580000, 0x000000077bd80000, 0x00000007c0000000)
  eden space 84480K, 100% used [0x0000000775580000,0x000000077a800000,0x000000077a800000)
  from space 3072K, 2% used [0x000000077a800000,0x000000077a810000,0x000000077ab00000)
  to   space 3072K, 0% used [0x000000077ba80000,0x000000077ba80000,0x000000077bd80000)
 ParOldGen       total 102400K, used 97591K [0x00000006e0000000, 0x00000006e6400000, 0x0000000775580000)
  object space 102400K, 95% used [0x00000006e0000000,0x00000006e5f4de08,0x00000006e6400000)
 Metaspace       used 21782K, capacity 22678K, committed 23040K, reserved 1069056K
  class space    used 2584K, capacity 2918K, committed 3072K, reserved 1048576K
Event: 7799.186 GC heap after
Heap after GC invocations=45454 (full 28):
 PSYoungGen      total 102400K, used 0K [0x0000000775580000, 0x000000077bd00000, 0x00000007c0000000)
  eden space 99840K, 0% used [0x0000000775580000,0x0000000775580000,0x000000077b700000)
  from space 2560K, 0% used [0x000000077ba80000,0x000000077ba80000,0x000000077bd00000)
  to   space 3072K, 0% used [0x000000077b700000,0x000000077b700000,0x000000077ba00000)
 ParOldGen       total 102400K, used 97599K [0x00000006e0000000, 0x00000006e6400000, 0x0000000775580000)
  object space 102400K, 95% used [0x00000006e0000000,0x00000006e5f4fe08,0x00000006e6400000)
 Metaspace       used 21782K, capacity 22678K, committed 23040K, reserved 1069056K
  class space    used 2584K, capacity 2918K, committed 3072K, reserved 1048576K
}
Event: 7799.529 GC heap before
{Heap before GC invocations=45455 (full 28):
 PSYoungGen      total 102400K, used 99840K [0x0000000775580000, 0x000000077bd00000, 0x00000007c0000000)
  eden space 99840K, 100% used [0x0000000775580000,0x000000077b700000,0x000000077b700000)
  from space 2560K, 0% used [0x000000077ba80000,0x000000077ba80000,0x000000077bd00000)
  to   space 3072K, 0% used [0x000000077b700000,0x000000077b700000,0x000000077ba00000)
 ParOldGen       total 102400K, used 97599K [0x00000006e0000000, 0x00000006e6400000, 0x0000000775580000)
  object space 102400K, 95% used [0x00000006e0000000,0x00000006e5f4fe08,0x00000006e6400000)
 Metaspace       used 21782K, capacity 22678K, committed 23040K, reserved 1069056K
  class space    used 2584K, capacity 2918K, committed 3072K, reserved 1048576K
Event: 7799.537 GC heap after
Heap after GC invocations=45455 (full 28):
 PSYoungGen      total 102912K, used 3041K [0x0000000775580000, 0x000000077d400000, 0x00000007c0000000)
  eden space 99840K, 0% used [0x0000000775580000,0x0000000775580000,0x000000077b700000)
  from space 3072K, 98% used [0x000000077b700000,0x000000077b9f84a8,0x000000077ba00000)
  to   space 5632K, 0% used [0x000000077ce80000,0x000000077ce80000,0x000000077d400000)
 ParOldGen       total 102400K, used 102383K [0x00000006e0000000, 0x00000006e6400000, 0x0000000775580000)
  object space 102400K, 99% used [0x00000006e0000000,0x00000006e63fbe08,0x00000006e6400000)
 Metaspace       used 21782K, capacity 22678K, committed 23040K, reserved 1069056K
  class space    used 2584K, capacity 2918K, committed 3072K, reserved 1048576K
}
Event: 7799.537 GC heap before
{Heap before GC invocations=45456 (full 29):
 PSYoungGen      total 102912K, used 3041K [0x0000000775580000, 0x000000077d400000, 0x00000007c0000000)
  eden space 99840K, 0% used [0x0000000775580000,0x0000000775580000,0x000000077b700000)
  from space 3072K, 98% used [0x000000077b700000,0x000000077b9f84a8,0x000000077ba00000)
  to   space 5632K, 0% used [0x000000077ce80000,0x000000077ce80000,0x000000077d400000)
 ParOldGen       total 102400K, used 102383K [0x00000006e0000000, 0x00000006e6400000, 0x0000000775580000)
  object space 102400K, 99% used [0x00000006e0000000,0x00000006e63fbe08,0x00000006e6400000)
 Metaspace       used 21782K, capacity 22678K, committed 23040K, reserved 1069056K
  class space    used 2584K, capacity 2918K, committed 3072K, reserved 1048576K
Event: 7799.666 GC heap after
Heap after GC invocations=45456 (full 29):
 PSYoungGen      total 102912K, used 0K [0x0000000775580000, 0x000000077d400000, 0x00000007c0000000)
  eden space 99840K, 0% used [0x0000000775580000,0x0000000775580000,0x000000077b700000)
  from space 3072K, 0% used [0x000000077b700000,0x000000077b700000,0x000000077ba00000)
  to   space 5632K, 0% used [0x000000077ce80000,0x000000077ce80000,0x000000077d400000)
 ParOldGen       total 106496K, used 37238K [0x00000006e0000000, 0x00000006e6800000, 0x0000000775580000)
  object space 106496K, 34% used [0x00000006e0000000,0x00000006e245d828,0x00000006e6800000)
 Metaspace       used 21678K, capacity 22472K, committed 23040K, reserved 1069056K
  class space    used 2546K, capacity 2847K, committed 3072K, reserved 1048576K
}

Deoptimization events (10 events):
Event: 4543.767 Thread 0x00007fe224a29000 Uncommon trap: reason=bimorphic action=maybe_recompile pc=0x0000000111242e54 method=sun.java2d.SunGraphics2D.drawChars([CIIII)V @ 106
Event: 4543.767 Thread 0x00007fe224a29000 Uncommon trap: reason=bimorphic action=maybe_recompile pc=0x0000000111242e54 method=sun.java2d.SunGraphics2D.drawChars([CIIII)V @ 106
Event: 4543.767 Thread 0x00007fe224a29000 Uncommon trap: reason=bimorphic action=maybe_recompile pc=0x0000000111242e54 method=sun.java2d.SunGraphics2D.drawChars([CIIII)V @ 106
Event: 4543.767 Thread 0x00007fe224a29000 Uncommon trap: reason=bimorphic action=maybe_recompile pc=0x0000000111242e54 method=sun.java2d.SunGraphics2D.drawChars([CIIII)V @ 106
Event: 4543.768 Thread 0x00007fe224a29000 Uncommon trap: reason=unstable_if action=reinterpret pc=0x0000000110ef5f28 method=sun.java2d.SunGraphics2D.setDevClip(IIII)V @ 8
Event: 4543.771 Thread 0x00007fe224a29000 Uncommon trap: reason=unstable_if action=reinterpret pc=0x0000000111074cb8 method=sun.java2d.SurfaceData.getSourceSurfaceData(Ljava/awt/Image;ILsun/java2d/loops/CompositeType;Ljava/awt/Color;)Lsun/java2d/SurfaceData; @ 64
Event: 4543.773 Thread 0x00007fe224a29000 Uncommon trap: reason=unstable_if action=reinterpret pc=0x000000011117ca28 method=sun.java2d.loops.RenderCache.get(Lsun/java2d/loops/SurfaceType;Lsun/java2d/loops/CompositeType;Lsun/java2d/loops/SurfaceType;)Ljava/lang/Object; @ 29
Event: 4544.018 Thread 0x00007fe224a29000 Uncommon trap: reason=unstable_if action=reinterpret pc=0x0000000111099b58 method=sun.java2d.pipe.BufferedTextPipe.enqueueGlyphList(Lsun/java2d/SunGraphics2D;Lsun/font/GlyphList;)V @ 99
Event: 4544.045 Thread 0x00007fe224a29000 Uncommon trap: reason=null_check action=make_not_entrant pc=0x0000000111659b8c method=javax.swing.RepaintManager.getVolatileOffscreenBuffer(Ljava/awt/Component;II)Ljava/awt/Image; @ 172
Event: 6305.491 Thread 0x00007fe225122000 Uncommon trap: reason=unstable_if action=reinterpret pc=0x0000000110dba458 method=java.util.concurrent.locks.ReentrantLock$Sync.nonfairTryAcquire(I)Z @ 19

Internal exceptions (10 events):
Event: 295.418 Thread 0x00007fe22484d800 Exception <a 'java/lang/NullPointerException'> (0x0000000775818960) thrown at [/Users/java_re/workspace/8-2-build-macosx-x86_64/jdk8u91/6644/hotspot/src/share/vm/interpreter/linkResolver.cpp, line 1178]
Event: 302.658 Thread 0x00007fe224a29000 Implicit null exception at 0x0000000111362e5e to 0x00000001113633a5
Event: 333.885 Thread 0x00007fe224a29000 Implicit null exception at 0x000000011105a50f to 0x000000011105af30
Event: 397.181 Thread 0x00007fe225a06000 Implicit null exception at 0x0000000110c36729 to 0x0000000110c37199
Event: 3993.152 Thread 0x00007fe224881800 Implicit null exception at 0x0000000111528754 to 0x000000011152971d
Event: 4543.746 Thread 0x00007fe225a06000 Implicit null exception at 0x00000001114d0ecc to 0x00000001114d1a71
Event: 4543.752 Thread 0x00007fe224a29000 Implicit null exception at 0x000000011178ea34 to 0x000000011178ed01
Event: 4543.752 Thread 0x00007fe224a29000 Implicit null exception at 0x00000001115b2f18 to 0x00000001115b3151
Event: 4543.773 Thread 0x00007fe224a29000 Implicit null exception at 0x000000011117c0f0 to 0x000000011117c99d
Event: 4544.045 Thread 0x00007fe224a29000 Implicit null exception at 0x0000000111657cc1 to 0x0000000111659b1c

Events (10 events):
Event: 7798.304 Executing VM operation: ParallelGCFailedAllocation
Event: 7798.305 Executing VM operation: ParallelGCFailedAllocation done
Event: 7798.546 Executing VM operation: ParallelGCFailedAllocation
Event: 7798.548 Executing VM operation: ParallelGCFailedAllocation done
Event: 7798.866 Executing VM operation: ParallelGCFailedAllocation
Event: 7798.868 Executing VM operation: ParallelGCFailedAllocation done
Event: 7799.185 Executing VM operation: ParallelGCFailedAllocation
Event: 7799.186 Executing VM operation: ParallelGCFailedAllocation done
Event: 7799.529 Executing VM operation: ParallelGCFailedAllocation
Event: 7799.666 Executing VM operation: ParallelGCFailedAllocation done


Dynamic libraries:
0x0000000054894000 	/System/Library/Frameworks/Cocoa.framework/Versions/A/Cocoa
0x0000000054894000 	/System/Library/Frameworks/Security.framework/Versions/A/Security
0x0000000054894000 	/System/Library/Frameworks/ApplicationServices.framework/Versions/A/ApplicationServices
0x0000000054894000 	/usr/lib/libz.1.dylib
0x0000000054894000 	/usr/lib/libSystem.B.dylib
0x0000000054894000 	/usr/lib/libobjc.A.dylib
0x0000000054894000 	/System/Library/Frameworks/CoreFoundation.framework/Versions/A/CoreFoundation
0x0000000054894000 	/System/Library/Frameworks/Foundation.framework/Versions/C/Foundation
0x0000000054894000 	/System/Library/Frameworks/AppKit.framework/Versions/C/AppKit
0x0000000054894000 	/System/Library/Frameworks/CoreData.framework/Versions/A/CoreData
0x0000000054894000 	/System/Library/PrivateFrameworks/RemoteViewServices.framework/Versions/A/RemoteViewServices
0x0000000054894000 	/System/Library/PrivateFrameworks/UIFoundation.framework/Versions/A/UIFoundation
0x0000000054894000 	/System/Library/PrivateFrameworks/DFRFoundation.framework/Versions/A/DFRFoundation
0x0000000054894000 	/usr/lib/libenergytrace.dylib
0x0000000054894000 	/System/Library/PrivateFrameworks/SkyLight.framework/Versions/A/SkyLight
0x0000000054894000 	/System/Library/Frameworks/CoreGraphics.framework/Versions/A/CoreGraphics
0x0000000054894000 	/usr/lib/libScreenReader.dylib
0x0000000054894000 	/System/Library/Frameworks/Accelerate.framework/Versions/A/Accelerate
0x0000000054894000 	/System/Library/Frameworks/IOSurface.framework/Versions/A/IOSurface
0x0000000054894000 	/System/Library/Frameworks/AudioToolbox.framework/Versions/A/AudioToolbox
0x0000000054894000 	/System/Library/Frameworks/AudioUnit.framework/Versions/A/AudioUnit
0x0000000054894000 	/System/Library/PrivateFrameworks/DataDetectorsCore.framework/Versions/A/DataDetectorsCore
0x0000000054894000 	/System/Library/PrivateFrameworks/DesktopServicesPriv.framework/Versions/A/DesktopServicesPriv
0x0000000054894000 	/System/Library/Frameworks/Carbon.framework/Versions/A/Frameworks/HIToolbox.framework/Versions/A/HIToolbox
0x0000000054894000 	/usr/lib/libicucore.A.dylib
0x0000000054894000 	/System/Library/Frameworks/QuartzCore.framework/Versions/A/QuartzCore
0x0000000054894000 	/System/Library/Frameworks/Carbon.framework/Versions/A/Frameworks/SpeechRecognition.framework/Versions/A/SpeechRecognition
0x0000000054894000 	/usr/lib/libauto.dylib
0x0000000054894000 	/usr/lib/libxml2.2.dylib
0x0000000054894000 	/System/Library/PrivateFrameworks/CoreUI.framework/Versions/A/CoreUI
0x0000000054894000 	/System/Library/Frameworks/CoreAudio.framework/Versions/A/CoreAudio
0x0000000054894000 	/System/Library/Frameworks/DiskArbitration.framework/Versions/A/DiskArbitration
0x0000000054894000 	/usr/lib/liblangid.dylib
0x0000000054894000 	/System/Library/PrivateFrameworks/MultitouchSupport.framework/Versions/A/MultitouchSupport
0x0000000054894000 	/System/Library/Frameworks/IOKit.framework/Versions/A/IOKit
0x0000000054894000 	/usr/lib/libDiagnosticMessagesClient.dylib
0x0000000054894000 	/System/Library/Frameworks/CoreServices.framework/Versions/A/CoreServices
0x0000000054894000 	/System/Library/PrivateFrameworks/PerformanceAnalysis.framework/Versions/A/PerformanceAnalysis
0x0000000054894000 	/System/Library/PrivateFrameworks/GenerationalStorage.framework/Versions/A/GenerationalStorage
0x0000000054894000 	/System/Library/Frameworks/OpenGL.framework/Versions/A/OpenGL
0x0000000054894000 	/System/Library/Frameworks/CoreImage.framework/Versions/A/CoreImage
0x0000000054894000 	/System/Library/Frameworks/CoreText.framework/Versions/A/CoreText
0x0000000054894000 	/System/Library/Frameworks/ImageIO.framework/Versions/A/ImageIO
0x0000000054894000 	/System/Library/PrivateFrameworks/Backup.framework/Versions/A/Backup
0x0000000054894000 	/usr/lib/libarchive.2.dylib
0x0000000054894000 	/System/Library/Frameworks/CFNetwork.framework/Versions/A/CFNetwork
0x0000000054894000 	/System/Library/Frameworks/SystemConfiguration.framework/Versions/A/SystemConfiguration
0x0000000054894000 	/usr/lib/libCRFSuite.dylib
0x0000000054894000 	/usr/lib/libc++.1.dylib
0x0000000054894000 	/usr/lib/libc++abi.dylib
0x0000000054894000 	/usr/lib/system/libcache.dylib
0x0000000054894000 	/usr/lib/system/libcommonCrypto.dylib
0x0000000054894000 	/usr/lib/system/libcompiler_rt.dylib
0x0000000054894000 	/usr/lib/system/libcopyfile.dylib
0x0000000054894000 	/usr/lib/system/libcorecrypto.dylib
0x0000000054894000 	/usr/lib/system/libdispatch.dylib
0x0000000054894000 	/usr/lib/system/libdyld.dylib
0x0000000054894000 	/usr/lib/system/libkeymgr.dylib
0x0000000054894000 	/usr/lib/system/liblaunch.dylib
0x0000000054894000 	/usr/lib/system/libmacho.dylib
0x0000000054894000 	/usr/lib/system/libquarantine.dylib
0x0000000054894000 	/usr/lib/system/libremovefile.dylib
0x0000000054894000 	/usr/lib/system/libsystem_asl.dylib
0x0000000054894000 	/usr/lib/system/libsystem_blocks.dylib
0x0000000054894000 	/usr/lib/system/libsystem_c.dylib
0x0000000054894000 	/usr/lib/system/libsystem_configuration.dylib
0x0000000054894000 	/usr/lib/system/libsystem_coreservices.dylib
0x0000000054894000 	/usr/lib/system/libsystem_coretls.dylib
0x0000000054894000 	/usr/lib/system/libsystem_dnssd.dylib
0x0000000054894000 	/usr/lib/system/libsystem_info.dylib
0x0000000054894000 	/usr/lib/system/libsystem_kernel.dylib
0x0000000054894000 	/usr/lib/system/libsystem_m.dylib
0x0000000054894000 	/usr/lib/system/libsystem_malloc.dylib
0x0000000054894000 	/usr/lib/system/libsystem_network.dylib
0x0000000054894000 	/usr/lib/system/libsystem_networkextension.dylib
0x0000000054894000 	/usr/lib/system/libsystem_notify.dylib
0x0000000054894000 	/usr/lib/system/libsystem_platform.dylib
0x0000000054894000 	/usr/lib/system/libsystem_pthread.dylib
0x0000000054894000 	/usr/lib/system/libsystem_sandbox.dylib
0x0000000054894000 	/usr/lib/system/libsystem_secinit.dylib
0x0000000054894000 	/usr/lib/system/libsystem_symptoms.dylib
0x0000000054894000 	/usr/lib/system/libsystem_trace.dylib
0x0000000054894000 	/usr/lib/system/libunwind.dylib
0x0000000054894000 	/usr/lib/system/libxpc.dylib
0x0000000054894000 	/usr/lib/libbsm.0.dylib
0x0000000054894000 	/usr/lib/system/libkxld.dylib
0x0000000054894000 	/usr/lib/libcoretls.dylib
0x0000000054894000 	/usr/lib/libcoretls_cfhelpers.dylib
0x0000000054894000 	/usr/lib/libOpenScriptingUtil.dylib
0x0000000054894000 	/usr/lib/libpam.2.dylib
0x0000000054894000 	/usr/lib/libsqlite3.dylib
0x0000000054894000 	/usr/lib/libxar.1.dylib
0x0000000054894000 	/usr/lib/libbz2.1.0.dylib
0x0000000054894000 	/usr/lib/liblzma.5.dylib
0x0000000054894000 	/usr/lib/libnetwork.dylib
0x0000000054894000 	/usr/lib/libpcap.A.dylib
0x0000000054894000 	/System/Library/Frameworks/CoreServices.framework/Versions/A/Frameworks/FSEvents.framework/Versions/A/FSEvents
0x0000000054894000 	/System/Library/Frameworks/CoreServices.framework/Versions/A/Frameworks/CarbonCore.framework/Versions/A/CarbonCore
0x0000000054894000 	/System/Library/Frameworks/CoreServices.framework/Versions/A/Frameworks/Metadata.framework/Versions/A/Metadata
0x0000000054894000 	/System/Library/Frameworks/CoreServices.framework/Versions/A/Frameworks/OSServices.framework/Versions/A/OSServices
0x0000000054894000 	/System/Library/Frameworks/CoreServices.framework/Versions/A/Frameworks/SearchKit.framework/Versions/A/SearchKit
0x0000000054894000 	/System/Library/Frameworks/CoreServices.framework/Versions/A/Frameworks/AE.framework/Versions/A/AE
0x0000000054894000 	/System/Library/Frameworks/CoreServices.framework/Versions/A/Frameworks/LaunchServices.framework/Versions/A/LaunchServices
0x0000000054894000 	/System/Library/Frameworks/CoreServices.framework/Versions/A/Frameworks/DictionaryServices.framework/Versions/A/DictionaryServices
0x0000000054894000 	/System/Library/Frameworks/CoreServices.framework/Versions/A/Frameworks/SharedFileList.framework/Versions/A/SharedFileList
0x0000000054894000 	/System/Library/Frameworks/NetFS.framework/Versions/A/NetFS
0x0000000054894000 	/System/Library/PrivateFrameworks/NetAuth.framework/Versions/A/NetAuth
0x0000000054894000 	/System/Library/PrivateFrameworks/login.framework/Versions/A/Frameworks/loginsupport.framework/Versions/A/loginsupport
0x0000000054894000 	/System/Library/PrivateFrameworks/TCC.framework/Versions/A/TCC
0x0000000054894000 	/usr/lib/libmecabra.dylib
0x0000000054894000 	/System/Library/Frameworks/ApplicationServices.framework/Versions/A/Frameworks/ATS.framework/Versions/A/ATS
0x0000000054894000 	/System/Library/Frameworks/ApplicationServices.framework/Versions/A/Frameworks/ColorSync.framework/Versions/A/ColorSync
0x0000000054894000 	/System/Library/Frameworks/ApplicationServices.framework/Versions/A/Frameworks/HIServices.framework/Versions/A/HIServices
0x0000000054894000 	/System/Library/Frameworks/ApplicationServices.framework/Versions/A/Frameworks/LangAnalysis.framework/Versions/A/LangAnalysis
0x0000000054894000 	/System/Library/Frameworks/ApplicationServices.framework/Versions/A/Frameworks/PrintCore.framework/Versions/A/PrintCore
0x0000000054894000 	/System/Library/Frameworks/ApplicationServices.framework/Versions/A/Frameworks/QD.framework/Versions/A/QD
0x0000000054894000 	/System/Library/Frameworks/ApplicationServices.framework/Versions/A/Frameworks/SpeechSynthesis.framework/Versions/A/SpeechSynthesis
0x0000000054894000 	/System/Library/Frameworks/Accelerate.framework/Versions/A/Frameworks/vImage.framework/Versions/A/vImage
0x0000000054894000 	/System/Library/Frameworks/Accelerate.framework/Versions/A/Frameworks/vecLib.framework/Versions/A/vecLib
0x0000000054894000 	/System/Library/Frameworks/Accelerate.framework/Versions/A/Frameworks/vecLib.framework/Versions/A/libvDSP.dylib
0x0000000054894000 	/System/Library/Frameworks/Accelerate.framework/Versions/A/Frameworks/vecLib.framework/Versions/A/libBNNS.dylib
0x0000000054894000 	/System/Library/Frameworks/Accelerate.framework/Versions/A/Frameworks/vecLib.framework/Versions/A/libQuadrature.dylib
0x0000000054894000 	/System/Library/Frameworks/Accelerate.framework/Versions/A/Frameworks/vecLib.framework/Versions/A/libvMisc.dylib
0x0000000054894000 	/System/Library/Frameworks/Accelerate.framework/Versions/A/Frameworks/vecLib.framework/Versions/A/libLAPACK.dylib
0x0000000054894000 	/System/Library/Frameworks/Accelerate.framework/Versions/A/Frameworks/vecLib.framework/Versions/A/libBLAS.dylib
0x0000000054894000 	/System/Library/Frameworks/Accelerate.framework/Versions/A/Frameworks/vecLib.framework/Versions/A/libLinearAlgebra.dylib
0x0000000054894000 	/System/Library/Frameworks/Accelerate.framework/Versions/A/Frameworks/vecLib.framework/Versions/A/libSparseBLAS.dylib
0x0000000054894000 	/System/Library/Frameworks/ApplicationServices.framework/Versions/A/Frameworks/ATS.framework/Versions/A/Resources/libFontParser.dylib
0x0000000054894000 	/System/Library/Frameworks/ApplicationServices.framework/Versions/A/Frameworks/ATS.framework/Versions/A/Resources/libFontRegistry.dylib
0x0000000054894000 	/System/Library/Frameworks/ImageIO.framework/Versions/A/Resources/libJPEG.dylib
0x0000000054894000 	/System/Library/Frameworks/ImageIO.framework/Versions/A/Resources/libTIFF.dylib
0x0000000054894000 	/System/Library/Frameworks/ImageIO.framework/Versions/A/Resources/libPng.dylib
0x0000000054894000 	/System/Library/Frameworks/ImageIO.framework/Versions/A/Resources/libGIF.dylib
0x0000000054894000 	/System/Library/Frameworks/ImageIO.framework/Versions/A/Resources/libJP2.dylib
0x0000000054894000 	/System/Library/Frameworks/ImageIO.framework/Versions/A/Resources/libRadiance.dylib
0x0000000054894000 	/usr/lib/libcompression.dylib
0x0000000054894000 	/System/Library/PrivateFrameworks/AppleJPEG.framework/Versions/A/AppleJPEG
0x0000000054894000 	/usr/lib/libcups.2.dylib
0x0000000054894000 	/System/Library/Frameworks/Kerberos.framework/Versions/A/Kerberos
0x0000000054894000 	/System/Library/Frameworks/GSS.framework/Versions/A/GSS
0x0000000054894000 	/usr/lib/libresolv.9.dylib
0x0000000054894000 	/usr/lib/libiconv.2.dylib
0x0000000054894000 	/System/Library/PrivateFrameworks/Heimdal.framework/Versions/A/Heimdal
0x0000000054894000 	/usr/lib/libheimdal-asn1.dylib
0x0000000054894000 	/System/Library/Frameworks/OpenDirectory.framework/Versions/A/OpenDirectory
0x0000000054894000 	/System/Library/PrivateFrameworks/CommonAuth.framework/Versions/A/CommonAuth
0x0000000054894000 	/System/Library/Frameworks/OpenDirectory.framework/Versions/A/Frameworks/CFOpenDirectory.framework/Versions/A/CFOpenDirectory
0x0000000054894000 	/System/Library/Frameworks/SecurityFoundation.framework/Versions/A/SecurityFoundation
0x0000000054894000 	/System/Library/PrivateFrameworks/LanguageModeling.framework/Versions/A/LanguageModeling
0x0000000054894000 	/usr/lib/libmarisa.dylib
0x0000000054894000 	/usr/lib/libChineseTokenizer.dylib
0x0000000054894000 	/usr/lib/libcmph.dylib
0x0000000054894000 	/System/Library/PrivateFrameworks/CoreEmoji.framework/Versions/A/CoreEmoji
0x0000000054894000 	/System/Library/Frameworks/ServiceManagement.framework/Versions/A/ServiceManagement
0x0000000054894000 	/usr/lib/libxslt.1.dylib
0x0000000054894000 	/System/Library/Frameworks/Carbon.framework/Versions/A/Frameworks/Ink.framework/Versions/A/Ink
0x0000000054894000 	/System/Library/PrivateFrameworks/TextureIO.framework/Versions/A/TextureIO
0x0000000054894000 	/System/Library/Frameworks/Metal.framework/Versions/A/Metal
0x0000000054894000 	/usr/lib/libate.dylib
0x0000000054894000 	/System/Library/PrivateFrameworks/GPUCompiler.framework/libmetal_timestamp.dylib
0x0000000054894000 	/System/Library/Frameworks/OpenGL.framework/Versions/A/Libraries/libCoreFSCache.dylib
0x0000000054894000 	/System/Library/PrivateFrameworks/IOAccelerator.framework/Versions/A/IOAccelerator
0x0000000054894000 	/System/Library/Frameworks/CoreVideo.framework/Versions/A/CoreVideo
0x0000000054894000 	/usr/lib/libFosl_dynamic.dylib
0x0000000054894000 	/System/Library/PrivateFrameworks/MetalPerformanceShaders.framework/Versions/A/MetalPerformanceShaders
0x0000000054894000 	/System/Library/PrivateFrameworks/FaceCore.framework/Versions/A/FaceCore
0x0000000054894000 	/System/Library/Frameworks/OpenCL.framework/Versions/A/OpenCL
0x0000000054894000 	/System/Library/Frameworks/OpenGL.framework/Versions/A/Libraries/libGLU.dylib
0x0000000054894000 	/System/Library/Frameworks/OpenGL.framework/Versions/A/Libraries/libGFXShared.dylib
0x0000000054894000 	/System/Library/Frameworks/OpenGL.framework/Versions/A/Libraries/libGL.dylib
0x0000000054894000 	/System/Library/Frameworks/OpenGL.framework/Versions/A/Libraries/libGLImage.dylib
0x0000000054894000 	/System/Library/Frameworks/OpenGL.framework/Versions/A/Libraries/libCVMSPluginSupport.dylib
0x0000000054894000 	/System/Library/Frameworks/OpenGL.framework/Versions/A/Libraries/libCoreVMClient.dylib
0x0000000054894000 	/System/Library/PrivateFrameworks/CrashReporterSupport.framework/Versions/A/CrashReporterSupport
0x0000000054894000 	/System/Library/PrivateFrameworks/Sharing.framework/Versions/A/Sharing
0x0000000054894000 	/System/Library/PrivateFrameworks/IconServices.framework/Versions/A/IconServices
0x0000000054894000 	/System/Library/PrivateFrameworks/ProtocolBuffer.framework/Versions/A/ProtocolBuffer
0x0000000054894000 	/System/Library/PrivateFrameworks/Apple80211.framework/Versions/A/Apple80211
0x0000000054894000 	/System/Library/Frameworks/CoreWLAN.framework/Versions/A/CoreWLAN
0x0000000054894000 	/System/Library/PrivateFrameworks/CoreUtils.framework/Versions/A/CoreUtils
0x0000000054894000 	/System/Library/Frameworks/IOBluetooth.framework/Versions/A/IOBluetooth
0x0000000054894000 	/System/Library/PrivateFrameworks/CoreWiFi.framework/Versions/A/CoreWiFi
0x0000000054894000 	/System/Library/Frameworks/CoreBluetooth.framework/Versions/A/CoreBluetooth
0x0000000054894000 	/System/Library/Frameworks/CoreDisplay.framework/Versions/A/CoreDisplay
0x0000000054894000 	/System/Library/PrivateFrameworks/IOPresentment.framework/Versions/A/IOPresentment
0x0000000054894000 	/System/Library/PrivateFrameworks/DSExternalDisplay.framework/Versions/A/DSExternalDisplay
0x0000000054894000 	/System/Library/PrivateFrameworks/DebugSymbols.framework/Versions/A/DebugSymbols
0x0000000054894000 	/System/Library/PrivateFrameworks/CoreSymbolication.framework/Versions/A/CoreSymbolication
0x0000000054894000 	/System/Library/PrivateFrameworks/Symbolication.framework/Versions/A/Symbolication
0x0000000054894000 	/System/Library/PrivateFrameworks/AppleFSCompression.framework/Versions/A/AppleFSCompression
0x0000000054894000 	/System/Library/PrivateFrameworks/SpeechRecognitionCore.framework/Versions/A/SpeechRecognitionCore
0x0000000054894000 	/System/Library/PrivateFrameworks/ChunkingLibrary.framework/Versions/A/ChunkingLibrary
0x000000004c955000 	/System/Library/CoreServices/Encodings/libCyrillicConverter.dylib
0x0000000107600000 	/Library/Java/JavaVirtualMachines/jdk1.8.0_91.jdk/Contents/Home/jre/lib/server/libjvm.dylib
0x0000000054894000 	/usr/lib/libstdc++.6.dylib
0x0000000106c8b000 	/Library/Java/JavaVirtualMachines/jdk1.8.0_91.jdk/Contents/Home/jre/lib/libverify.dylib
0x0000000106c99000 	/Library/Java/JavaVirtualMachines/jdk1.8.0_91.jdk/Contents/Home/jre/lib/libjava.dylib
0x0000000106cd8000 	/Library/Java/JavaVirtualMachines/jdk1.8.0_91.jdk/Contents/Home/jre/lib/libzip.dylib
0x00000001109fa000 	/System/Library/Frameworks/JavaVM.framework/Frameworks/JavaRuntimeSupport.framework/JavaRuntimeSupport
0x0000000110a14000 	/System/Library/Frameworks/JavaVM.framework/Versions/A/Frameworks/JavaNativeFoundation.framework/Versions/A/JavaNativeFoundation
0x00000001216b6000 	/System/Library/Frameworks/JavaVM.framework/Versions/A/JavaVM
0x0000000054894000 	/System/Library/Frameworks/Carbon.framework/Versions/A/Carbon
0x00000001216c3000 	/System/Library/PrivateFrameworks/JavaLaunching.framework/Versions/A/JavaLaunching
0x0000000054894000 	/System/Library/Frameworks/Carbon.framework/Versions/A/Frameworks/CommonPanels.framework/Versions/A/CommonPanels
0x0000000054894000 	/System/Library/Frameworks/Carbon.framework/Versions/A/Frameworks/Help.framework/Versions/A/Help
0x0000000054894000 	/System/Library/Frameworks/Carbon.framework/Versions/A/Frameworks/ImageCapture.framework/Versions/A/ImageCapture
0x0000000054894000 	/System/Library/Frameworks/Carbon.framework/Versions/A/Frameworks/OpenScripting.framework/Versions/A/OpenScripting
0x0000000054894000 	/System/Library/Frameworks/Carbon.framework/Versions/A/Frameworks/Print.framework/Versions/A/Print
0x0000000054894000 	/System/Library/Frameworks/Carbon.framework/Versions/A/Frameworks/SecurityHI.framework/Versions/A/SecurityHI
0x00000001231db000 	/Library/Java/JavaVirtualMachines/jdk1.8.0_91.jdk/Contents/Home/jre/lib/libawt.dylib
0x0000000123283000 	/Library/Java/JavaVirtualMachines/jdk1.8.0_91.jdk/Contents/Home/jre/lib/./libmlib_image.dylib
0x000000012334f000 	/Library/Java/JavaVirtualMachines/jdk1.8.0_91.jdk/Contents/Home/jre/lib/libawt_lwawt.dylib
0x0000000123404000 	/Library/Java/JavaVirtualMachines/jdk1.8.0_91.jdk/Contents/Home/jre/lib/./libosxapp.dylib
0x0000000054894000 	/System/Library/Frameworks/ExceptionHandling.framework/Versions/A/ExceptionHandling
0x0000000054894000 	/System/Library/PrivateFrameworks/CoreServicesInternal.framework/Versions/A/CoreServicesInternal
0x0000000054894000 	/System/Library/CoreServices/RawCamera.bundle/Contents/MacOS/RawCamera
0x0000000054894000 	/System/Library/Frameworks/Accelerate.framework/Versions/A/Frameworks/vImage.framework/Versions/A/Libraries/libCGInterfaces.dylib
0x0000000054894000 	/System/Library/Frameworks/ApplicationServices.framework/Versions/A/Frameworks/ATS.framework/Versions/A/Resources/libTrueTypeScaler.dylib
0x0000000054894000 	/System/Library/Frameworks/OpenGL.framework/Versions/A/Resources/GLEngine.bundle/GLEngine
0x0000000054894000 	/System/Library/Frameworks/OpenGL.framework/Versions/A/Libraries/libGLProgrammability.dylib
0x0000000054894000 	/System/Library/Extensions/GeForceGLDriver.bundle/Contents/MacOS/GeForceGLDriver
0x0000000054894000 	/System/Library/Extensions/GeForceGLDriver.bundle/Contents/MacOS/libclh.dylib
0x0000000054894000 	/System/Library/PrivateFrameworks/GPUSupport.framework/Versions/A/Libraries/libGPUSupportMercury.dylib
0x0000000054894000 	/System/Library/Frameworks/OpenGL.framework/Versions/A/Resources/GLRendererFloat.bundle/GLRendererFloat
0x0000000054894000 	/System/Library/Frameworks/OpenCL.framework/Versions/A/Libraries/libcldcpuengine.dylib
0x0000000054894000 	/usr/lib/libcrypto.0.9.8.dylib
0x0000000054894000 	/System/Library/PrivateFrameworks/TrustEvaluationAgent.framework/Versions/A/TrustEvaluationAgent
0x0000000054894000 	/System/Library/Extensions/GeForceMTLDriver.bundle/Contents/MacOS/GeForceMTLDriver
0x0000000054894000 	/System/Library/PrivateFrameworks/FamilyControls.framework/Versions/A/FamilyControls
0x0000000054894000 	/System/Library/PrivateFrameworks/CommerceKit.framework/Versions/A/Frameworks/CommerceCore.framework/Versions/A/CommerceCore
0x0000000054894000 	/System/Library/PrivateFrameworks/SystemAdministration.framework/Versions/A/SystemAdministration
0x0000000054894000 	/System/Library/PrivateFrameworks/AppContainer.framework/Versions/A/AppContainer
0x0000000054894000 	/System/Library/PrivateFrameworks/SecCodeWrapper.framework/Versions/A/SecCodeWrapper
0x0000000054894000 	/System/Library/Frameworks/DirectoryService.framework/Versions/A/DirectoryService
0x0000000054894000 	/System/Library/PrivateFrameworks/DiskImages.framework/Versions/A/DiskImages
0x0000000054894000 	/System/Library/PrivateFrameworks/LoginUIKit.framework/Versions/A/Frameworks/LoginUICore.framework/Versions/A/LoginUICore
0x0000000054894000 	/usr/lib/libCoreStorage.dylib
0x0000000054894000 	/usr/lib/libcsfde.dylib
0x0000000054894000 	/usr/lib/libodfde.dylib
0x0000000054894000 	/System/Library/Frameworks/DiscRecording.framework/Versions/A/DiscRecording
0x0000000054894000 	/usr/lib/libcurl.4.dylib
0x0000000054894000 	/System/Library/PrivateFrameworks/MediaKit.framework/Versions/A/MediaKit
0x0000000054894000 	/System/Library/PrivateFrameworks/ProtectedCloudStorage.framework/Versions/A/ProtectedCloudStorage
0x0000000054894000 	/System/Library/PrivateFrameworks/EFILogin.framework/Versions/A/EFILogin
0x0000000054894000 	/usr/lib/libutil.dylib
0x0000000054894000 	/System/Library/Frameworks/LDAP.framework/Versions/A/LDAP
0x0000000054894000 	/usr/lib/libsasl2.2.dylib
0x0000000054894000 	/System/Library/PrivateFrameworks/CoreDaemon.framework/Versions/B/CoreDaemon
0x0000000054894000 	/System/Library/PrivateFrameworks/AppleSRP.framework/Versions/A/AppleSRP
0x0000000054894000 	/System/Library/PrivateFrameworks/APFS.framework/Versions/A/APFS
0x000000012b191000 	/Library/Java/JavaVirtualMachines/jdk1.8.0_91.jdk/Contents/Home/jre/lib/libfontmanager.dylib
0x000000012b1f8000 	/Library/Java/JavaVirtualMachines/jdk1.8.0_91.jdk/Contents/Home/jre/lib/libosxui.dylib
0x000000012bff1000 	/Library/Java/JavaVirtualMachines/jdk1.8.0_91.jdk/Contents/Home/jre/lib/libnet.dylib
0x000000012c008000 	/Library/Java/JavaVirtualMachines/jdk1.8.0_91.jdk/Contents/Home/jre/lib/libnio.dylib
0x0000000054894000 	/System/Library/PrivateFrameworks/ViewBridge.framework/Versions/A/ViewBridge
0x0000000054894000 	/System/Library/PrivateFrameworks/XPCService.framework/Versions/A/XPCService
0x0000000054894000 	/System/Library/PrivateFrameworks/AppSandbox.framework/Versions/A/AppSandbox
0x0000000054894000 	/usr/lib/libsandbox.1.dylib
0x0000000054894000 	/usr/lib/libMatch.1.dylib

VM Arguments:
jvm_args: -Dfile.encoding=UTF-8 
java_command: org.doomday.emulator.Main
java_class_path (initial): /Volumes/WORK/doomday/doomday-server/target/classes:/Users/sysadmin/.m2/repository/org/mockito/mockito-all/1.10.19/mockito-all-1.10.19.jar:/Users/sysadmin/.m2/repository/commons-codec/commons-codec/1.10/commons-codec-1.10.jar:/Users/sysadmin/.m2/repository/org/springframework/spring-webmvc/4.2.5.RELEASE/spring-webmvc-4.2.5.RELEASE.jar:/Users/sysadmin/.m2/repository/org/springframework/spring-beans/4.2.5.RELEASE/spring-beans-4.2.5.RELEASE.jar:/Users/sysadmin/.m2/repository/org/springframework/spring-context/4.2.5.RELEASE/spring-context-4.2.5.RELEASE.jar:/Users/sysadmin/.m2/repository/org/springframework/spring-aop/4.2.5.RELEASE/spring-aop-4.2.5.RELEASE.jar:/Users/sysadmin/.m2/repository/aopalliance/aopalliance/1.0/aopalliance-1.0.jar:/Users/sysadmin/.m2/repository/org/springframework/spring-core/4.2.5.RELEASE/spring-core-4.2.5.RELEASE.jar:/Users/sysadmin/.m2/repository/commons-logging/commons-logging/1.2/commons-logging-1.2.jar:/Users/sysadmin/.m2/repository/org/springframework/spring-expression/4.2.5.RELEASE/spring-expression-4.2.5.RELEASE.jar:/Users/sysadmin/.m2/repository/org/springframework/spring-web/4.2.5.RELEASE/spring-web-4.2.5.RELEASE.jar:/Users/sysadmin/.m2/repository/org/springframework/spring-context-support/4.2.5.RELEASE/spring-context-support-4.2.5.RELEASE.jar:/Users/sysadmin/.m2/repository/org/springframework/spring-websocket/4.2.5.RELEASE/spring-websocket-4.2.5.RELEASE.jar:/Users/sysadmin/.m2/repository/org/springframework/spring-test/4.2.5.RELEASE/spring-test-4.2.5.RELEASE.jar:/Users/sysadmin/.m2/repository/com/fasterxml/jackson/core/jackson-core/2.8.9/jackson-core-2.8.9.jar:/Users/sysadmin/.m2/repository/com/fasterxml/jackson/core/jackson-databind/2.8.9/jackson-databind-2.8.9.jar:/Users/sysadmin/.m2/repository/com/fasterxml/jackson/core/jackson-annotations/2.8.9/jackson-annotations-2.8.9.jar:/Users/sysadmin/.m2/repository/javax/servlet/javax.servlet-api/3.0.1/javax.servlet-api-3.0.1.jar:/Users/sysadmin/.m2/repository/org
Launcher Type: SUN_STANDARD

Environment Variables:
PATH=/usr/bin:/bin:/usr/sbin:/sbin
SHELL=/bin/bash
DISPLAY=/private/tmp/com.apple.launchd.5PYxsRPqfw/org.macosforge.xquartz:0

Signal Handlers:
SIGSEGV: [libjvm.dylib+0x5a97a1], sa_mask[0]=11111111011111110111111111111111, sa_flags=SA_ONSTACK|SA_RESTART|SA_SIGINFO
SIGBUS: [libjvm.dylib+0x5a97a1], sa_mask[0]=11111111011111110111111111111111, sa_flags=SA_RESTART|SA_SIGINFO
SIGFPE: [libjvm.dylib+0x482594], sa_mask[0]=11111111011111110111111111111111, sa_flags=SA_RESTART|SA_SIGINFO
SIGPIPE: [libjvm.dylib+0x482594], sa_mask[0]=11111111011111110111111111111111, sa_flags=SA_RESTART|SA_SIGINFO
SIGXFSZ: [libjvm.dylib+0x482594], sa_mask[0]=11111111011111110111111111111111, sa_flags=SA_RESTART|SA_SIGINFO
SIGILL: [libjvm.dylib+0x482594], sa_mask[0]=11111111011111110111111111111111, sa_flags=SA_RESTART|SA_SIGINFO
SIGUSR1: SIG_DFL, sa_mask[0]=00000000000000000000000000000000, sa_flags=none
SIGUSR2: [libjvm.dylib+0x4820b2], sa_mask[0]=00100000000000000000000000000000, sa_flags=SA_RESTART|SA_SIGINFO
SIGHUP: [libjvm.dylib+0x480689], sa_mask[0]=11111111011111110111111111111111, sa_flags=SA_RESTART|SA_SIGINFO
SIGINT: [libjvm.dylib+0x480689], sa_mask[0]=11111111011111110111111111111111, sa_flags=SA_RESTART|SA_SIGINFO
SIGTERM: [libjvm.dylib+0x480689], sa_mask[0]=11111111011111110111111111111111, sa_flags=SA_RESTART|SA_SIGINFO
SIGQUIT: [libjvm.dylib+0x480689], sa_mask[0]=11111111011111110111111111111111, sa_flags=SA_RESTART|SA_SIGINFO


---------------  S Y S T E M  ---------------

OS:Bsduname:Darwin 16.6.0 Darwin Kernel Version 16.6.0: Fri Apr 14 16:21:16 PDT 2017; root:xnu-3789.60.24~6/RELEASE_X86_64 x86_64
rlimit: STACK 8192k, CORE 0k, NPROC 709, NOFILE 10240, AS infinity
load average:8.64 8.44 8.48

CPU:total 4 (4 cores per cpu, 1 threads per core) family 6 model 58 stepping 9, cmov, cx8, fxsr, mmx, sse, sse2, sse3, ssse3, sse4.1, sse4.2, popcnt, avx, aes, clmul, erms, tsc, tscinvbit, tscinv

Memory: 4k page, physical 14680064k(1434192k free)

/proc/meminfo:


vm_info: Java HotSpot(TM) 64-Bit Server VM (25.91-b14) for bsd-amd64 JRE (1.8.0_91-b14), built on Apr  1 2016 01:03:00 by "java_re" with gcc 4.2.1 (Based on Apple Inc. build 5658) (LLVM build 2336.11.00)

time: Fri Jul 14 20:17:02 2017
elapsed time: 7799 seconds (0d 2h 9m 59s)

