#
# A fatal error has been detected by the Java Runtime Environment:
#
#  SIGSEGV (0xb) at pc=0x0000000125279e43, pid=76411, tid=54283
#
# JRE version: Java(TM) SE Runtime Environment (8.0_91-b14) (build 1.8.0_91-b14)
# Java VM: Java HotSpot(TM) 64-Bit Server VM (25.91-b14 mixed mode bsd-amd64 compressed oops)
# Problematic frame:
# C  [libawt_lwawt.dylib+0x1ae43]  OGLSD_SetScratchSurface+0x49
#
# Failed to write core dump. Core dumps have been disabled. To enable core dumping, try "ulimit -c unlimited" before starting Java again
#
# If you would like to submit a bug report, please visit:
#   http://bugreport.java.com/bugreport/crash.jsp
# The crash happened outside the Java Virtual Machine in native code.
# See problematic frame for where to report the bug.
#

---------------  T H R E A D  ---------------

Current thread (0x00007fed8f25e800):  JavaThread "Java2D Queue Flusher" daemon [_thread_in_native, id=54283, stack(0x00007000012db000,0x00007000013db000)]

siginfo: si_signo: 11 (SIGSEGV), si_code: 1 (SEGV_MAPERR), si_addr: 0x0000000000000002

Registers:
RAX=0x00000000ffffffff, RBX=0x0000000000000002, RCX=0x0000000000000047, RDX=0x000000012529a8ec
RSP=0x00007000013da810, RBP=0x00007000013da830, RSI=0x00007fed8de6a4c0, RDI=0x00007fed8f25e9f8
R8 =0x0000000000000020, R9 =0x0000000000000000, R10=0x000000010c162578, R11=0x00000000dc0306d5
R12=0x0000000000000000, R13=0x00000006e0183768, R14=0x00007fed8f25e9f8, R15=0x00007fed8f25e800
RIP=0x0000000125279e43, EFLAGS=0x0000000000010202, ERR=0x0000000000000004
  TRAPNO=0x000000000000000e

Top of Stack: (sp=0x00007000013da810)
0x00007000013da810:   00007fed8de6a4c0 0000000000000000
0x00007000013da820:   00007fed8f256810 00007fed8f25e800
0x00007000013da830:   00007000013da8b0 000000012529a3ca
0x00007000013da840:   0000000000000064 00007fed8df7bc38
0x00007000013da850:   00007000013da8b0 000000010974dc60
0x00007000013da860:   0000000000000005 00007fed8f25e800
0x00007000013da870:   00000006e0183701 00007fed8f256820
0x00007000013da880:   00007000003da800 00007fed8f25e9f8
0x00007000013da890:   0000000000000000 0000000000000000
0x00007000013da8a0:   00007000013da960 00007fed8f25e800
0x00007000013da8b0:   00007000013da900 000000010c1625ea
0x00007000013da8c0:   00000006e0183690 00007fed00000000
0x00007000013da8d0:   00007fed9601a340 0000000000000001
0x00007000013da8e0:   0000000000000000 00000006e0183768
0x00007000013da8f0:   00007000013da960 00007fed8f25e800
0x00007000013da900:   00000000dc0306d2 000000010bdb53b0
0x00007000013da910:   00000006e0183690 0000000000000000
0x00007000013da920:   00000006e0183768 0000000000000000
0x00007000013da930:   00000006e0183768 00007000013da9d0
0x00007000013da940:   0000000000000001 0000000000000000
0x00007000013da950:   00007000013da9d0 000000010bc217a7
0x00007000013da960:   00000006e0183768 00000006e0196ea0
0x00007000013da970:   0000700000001fa0 000000000000000a
0x00007000013da980:   00007fed8f25e800 0000000000000001
0x00007000013da990:   000000010bc2171f 00000001220c65c0
0x00007000013da9a0:   00007000013daa68 00007000013dad00
0x00007000013da9b0:   000000010000000a 00000001220c65c0
0x00007000013da9c0:   000000010bc34120 00007000013dac70
0x00007000013da9d0:   00007000013dab80 00000001096ec1e6
0x00007000013da9e0:   0000700000000001 00007fed8f25e800
0x00007000013da9f0:   00007fed8f25e800 00007000013dad00
0x00007000013daa00:   00007fed8df7bc30 000000010bc34120 

Instructions: (pc=0x0000000125279e43)
0x0000000125279e23:   c0 e9 82 00 00 00 48 8b 5e 10 48 85 db 75 0e bf
0x0000000125279e33:   01 00 00 00 48 8d 15 fd 75 03 00 eb d6 49 89 fe
0x0000000125279e43:   4c 8b 3b 30 c0 e8 c5 a2 02 00 49 8b 3f 49 89 c4
0x0000000125279e53:   48 8b 35 ae f7 05 00 30 c0 e8 cb a3 02 00 48 85 

Register to memory mapping:

RAX=0x00000000ffffffff is an unknown value
RBX=0x0000000000000002 is an unknown value
RCX=0x0000000000000047 is an unknown value
RDX=0x000000012529a8ec: Java_sun_java2d_opengl_OGLRenderQueue_flushBuffer+0xb5c in /Library/Java/JavaVirtualMachines/jdk1.8.0_91.jdk/Contents/Home/jre/lib/libawt_lwawt.dylib at 0x000000012525f000
RSP=0x00007000013da810 is pointing into the stack for thread: 0x00007fed8f25e800
RBP=0x00007000013da830 is pointing into the stack for thread: 0x00007fed8f25e800
RSI=0x00007fed8de6a4c0 is an unknown value
RDI=0x00007fed8f25e9f8 is an unknown value
R8 =0x0000000000000020 is an unknown value
R9 =0x0000000000000000 is an unknown value
R10=0x000000010c162578 is at entry_point+56 in (nmethod*)0x000000010c1623d0
R11=0x00000000dc0306d5 is an unknown value
R12=0x0000000000000000 is an unknown value
R13=0x00000006e0183768 is an oop
sun.java2d.opengl.OGLRenderQueue$QueueFlusher 
 - klass: 'sun/java2d/opengl/OGLRenderQueue$QueueFlusher'
R14=0x00007fed8f25e9f8 is an unknown value
R15=0x00007fed8f25e800 is a thread


Stack: [0x00007000012db000,0x00007000013db000],  sp=0x00007000013da810,  free space=1022k
Native frames: (J=compiled Java code, j=interpreted, Vv=VM code, C=native code)
C  [libawt_lwawt.dylib+0x1ae43]  OGLSD_SetScratchSurface+0x49
C  [libawt_lwawt.dylib+0x3b3ca]  Java_sun_java2d_opengl_OGLRenderQueue_flushBuffer+0x63a
J 2990  sun.java2d.opengl.OGLRenderQueue.flushBuffer(JI)V (0 bytes) @ 0x000000010c1625ea [0x000000010c162540+0xaa]
J 4551% C2 sun.java2d.opengl.OGLRenderQueue$QueueFlusher.run()V (234 bytes) @ 0x000000010bdb53b0 [0x000000010bdb5180+0x230]
v  ~StubRoutines::call_stub
V  [libjvm.dylib+0x2ec1e6]  JavaCalls::call_helper(JavaValue*, methodHandle*, JavaCallArguments*, Thread*)+0x6ae
V  [libjvm.dylib+0x2ec974]  JavaCalls::call_virtual(JavaValue*, KlassHandle, Symbol*, Symbol*, JavaCallArguments*, Thread*)+0x164
V  [libjvm.dylib+0x2ecb20]  JavaCalls::call_virtual(JavaValue*, Handle, KlassHandle, Symbol*, Symbol*, Thread*)+0x4a
V  [libjvm.dylib+0x34726d]  thread_entry(JavaThread*, Thread*)+0x7c
V  [libjvm.dylib+0x563d17]  JavaThread::thread_main_inner()+0x9b
V  [libjvm.dylib+0x565412]  JavaThread::run()+0x1c2
V  [libjvm.dylib+0x484f82]  java_start(Thread*)+0xf6
C  [libsystem_pthread.dylib+0x393b]  _pthread_body+0xb4
C  [libsystem_pthread.dylib+0x3887]  _pthread_body+0x0
C  [libsystem_pthread.dylib+0x308d]  thread_start+0xd
C  0x0000000000000000

Java frames: (J=compiled Java code, j=interpreted, Vv=VM code)
J 2990  sun.java2d.opengl.OGLRenderQueue.flushBuffer(JI)V (0 bytes) @ 0x000000010c162578 [0x000000010c162540+0x38]
J 4551% C2 sun.java2d.opengl.OGLRenderQueue$QueueFlusher.run()V (234 bytes) @ 0x000000010bdb53b0 [0x000000010bdb5180+0x230]
v  ~StubRoutines::call_stub

---------------  P R O C E S S  ---------------

Java Threads: ( => current thread )
  0x00007fed8ec4a800 JavaThread "Timer-15" [_thread_blocked, id=77827, stack(0x0000700002f35000,0x0000700003035000)]
  0x00007fed8fd22800 JavaThread "Thread-23" [_thread_in_Java, id=74339, stack(0x0000700002e32000,0x0000700002f32000)]
  0x00007fed8e5bf800 JavaThread "Timer-14" [_thread_blocked, id=76119, stack(0x0000700002d2f000,0x0000700002e2f000)]
  0x00007fed8e1ed000 JavaThread "Timer-13" [_thread_blocked, id=76443, stack(0x0000700002c2c000,0x0000700002d2c000)]
  0x00007fed8e084000 JavaThread "Thread-20" [_thread_in_native, id=73927, stack(0x0000700002b29000,0x0000700002c29000)]
  0x00007fed95975000 JavaThread "Timer-12" [_thread_blocked, id=74003, stack(0x0000700002a26000,0x0000700002b26000)]
  0x00007fed8fce0000 JavaThread "Timer-11" [_thread_blocked, id=75523, stack(0x0000700002923000,0x0000700002a23000)]
  0x00007fed8f916800 JavaThread "Thread-17" [_thread_in_native, id=75015, stack(0x0000700002820000,0x0000700002920000)]
  0x00007fed8fd8f000 JavaThread "Timer-10" [_thread_blocked, id=74719, stack(0x000070000271d000,0x000070000281d000)]
  0x00007fed8fcdd000 JavaThread "Timer-9" [_thread_blocked, id=72463, stack(0x0000700002597000,0x0000700002697000)]
  0x00007fed8f528800 JavaThread "Thread-14" [_thread_in_native, id=71559, stack(0x0000700002494000,0x0000700002594000)]
  0x00007fed8f197000 JavaThread "Timer-8" [_thread_blocked, id=71255, stack(0x0000700002391000,0x0000700002491000)]
  0x00007fed8eb4b000 JavaThread "Timer-7" [_thread_blocked, id=34623, stack(0x000070000228e000,0x000070000238e000)]
  0x00007fed8eab0000 JavaThread "Thread-11" [_thread_in_native, id=5367, stack(0x000070000218b000,0x000070000228b000)]
  0x00007fed94880000 JavaThread "Timer-6" [_thread_blocked, id=71839, stack(0x0000700002088000,0x0000700002188000)]
  0x00007fed8e88c800 JavaThread "Timer-5" [_thread_blocked, id=70207, stack(0x0000700001f85000,0x0000700002085000)]
  0x00007fed8e8bc000 JavaThread "Thread-8" [_thread_in_native, id=69139, stack(0x0000700001e82000,0x0000700001f82000)]
  0x00007fed8e8bb000 JavaThread "Timer-4" [_thread_blocked, id=67439, stack(0x0000700001d7f000,0x0000700001e7f000)]
  0x00007fed8e22f000 JavaThread "Timer-3" [_thread_blocked, id=14855, stack(0x0000700001bf9000,0x0000700001cf9000)]
  0x00007fed8f586800 JavaThread "Thread-5" [_thread_in_native, id=4639, stack(0x0000700001af6000,0x0000700001bf6000)]
  0x00007fed8f524800 JavaThread "Timer-2" [_thread_blocked, id=25967, stack(0x00007000001a2000,0x00007000002a2000)]
  0x00007fed8e6a0800 JavaThread "Timer-1" [_thread_blocked, id=67623, stack(0x0000700001970000,0x0000700001a70000)]
  0x00007fed8ec3d000 JavaThread "Thread-2" [_thread_in_native, id=66855, stack(0x000070000186d000,0x000070000196d000)]
  0x00007fed8e97f000 JavaThread "Timer-0" [_thread_blocked, id=63439, stack(0x00007000015e4000,0x00007000016e4000)]
  0x00007fed8e656800 JavaThread "TimerQueue" daemon [_thread_blocked, id=66403, stack(0x000070000176a000,0x000070000186a000)]
  0x00007fed8ea7a000 JavaThread "DestroyJavaVM" [_thread_blocked, id=7171, stack(0x00007000002a8000,0x00007000003a8000)]
  0x00007fed8fa58800 JavaThread "AWT-EventQueue-0" [_thread_blocked, id=57123, stack(0x00007000014e1000,0x00007000015e1000)]
  0x00007fed8faa1800 JavaThread "Java2D Disposer" daemon [_thread_blocked, id=54547, stack(0x00007000013de000,0x00007000014de000)]
=>0x00007fed8f25e800 JavaThread "Java2D Queue Flusher" daemon [_thread_in_native, id=54283, stack(0x00007000012db000,0x00007000013db000)]
  0x00007fed8f20f000 JavaThread "AWT-Shutdown" [_thread_blocked, id=29727, stack(0x0000700001155000,0x0000700001255000)]
  0x00007fed8f94d000 JavaThread "AppKit Thread" daemon [_thread_in_native, id=775, stack(0x00007fff568e8000,0x00007fff570e8000)]
  0x00007fed8f02e000 JavaThread "Service Thread" daemon [_thread_blocked, id=18691, stack(0x0000700000ecc000,0x0000700000fcc000)]
  0x00007fed8f86f000 JavaThread "C1 CompilerThread2" daemon [_thread_blocked, id=18179, stack(0x0000700000dc9000,0x0000700000ec9000)]
  0x00007fed8e008800 JavaThread "C2 CompilerThread1" daemon [_thread_blocked, id=17667, stack(0x0000700000cc6000,0x0000700000dc6000)]
  0x00007fed8e039000 JavaThread "C2 CompilerThread0" daemon [_thread_blocked, id=17155, stack(0x0000700000bc3000,0x0000700000cc3000)]
  0x00007fed8e038000 JavaThread "Signal Dispatcher" daemon [_thread_blocked, id=16643, stack(0x0000700000ac0000,0x0000700000bc0000)]
  0x00007fed8f855800 JavaThread "Finalizer" daemon [_thread_blocked, id=12547, stack(0x00007000009bd000,0x0000700000abd000)]
  0x00007fed8e016000 JavaThread "Reference Handler" daemon [_thread_in_Java, id=12035, stack(0x00007000008ba000,0x00007000009ba000)]

Other Threads:
  0x00007fed8f853000 VMThread [stack: 0x00007000007b7000,0x00007000008b7000] [id=11523]
  0x00007fed8f037000 WatcherThread [stack: 0x0000700000fcf000,0x00007000010cf000] [id=19203]

VM state:not at safepoint (normal execution)

VM Mutex/Monitor currently owned by a thread: None

Heap:
 PSYoungGen      total 177152K, used 28427K [0x0000000775580000, 0x0000000784700000, 0x00000007c0000000)
  eden space 171008K, 16% used [0x0000000775580000,0x0000000777142fe0,0x000000077fc80000)
  from space 6144K, 0% used [0x0000000781200000,0x0000000781200000,0x0000000781800000)
  to   space 22016K, 0% used [0x000000077fc80000,0x000000077fc80000,0x0000000781200000)
 ParOldGen       total 633344K, used 137298K [0x00000006e0000000, 0x0000000706a80000, 0x0000000775580000)
  object space 633344K, 21% used [0x00000006e0000000,0x00000006e8614bd8,0x0000000706a80000)
 Metaspace       used 21570K, capacity 22552K, committed 23040K, reserved 1069056K
  class space    used 2546K, capacity 2867K, committed 3072K, reserved 1048576K

Card table byte_map: [0x000000010a754000,0x000000010ae55000] byte_map_base: 0x0000000107054000

Marking Bits: (ParMarkBitMap*) 0x0000000109ce6eb0
 Begin Bits: [0x000000011ac21000, 0x000000011e421000)
 End Bits:   [0x000000011e421000, 0x0000000121c21000)

Polling page: 0x0000000108bde000

CodeCache: size=245760Kb used=13364Kb max_used=13388Kb free=232395Kb
 bounds [0x000000010bc21000, 0x000000010c961000, 0x000000011ac21000]
 total_blobs=4713 nmethods=4118 adapters=506
 compilation: enabled

Compilation events (10 events):
Event: 33527.002 Thread 0x00007fed8f86f000 5221  s    3       sun.java2d.StateTrackableDelegate::getStateTracker (82 bytes)
Event: 33527.003 Thread 0x00007fed8f86f000 nmethod 5221 0x000000010c25e190 code [0x000000010c25e320, 0x000000010c25e890]
Event: 33537.005 Thread 0x00007fed8f86f000 5223       3       java.awt.image.ColorModel::<init> (342 bytes)
Event: 33537.005 Thread 0x00007fed8e008800 5224       4       java.util.AbstractCollection::addAll (42 bytes)
Event: 33537.006 Thread 0x00007fed8f86f000 nmethod 5223 0x000000010c354cd0 code [0x000000010c355020, 0x000000010c356b58]
Event: 33537.007 Thread 0x00007fed8f86f000 5222       3       java.awt.image.PackedColorModel::<init> (136 bytes)
Event: 33537.007 Thread 0x00007fed8f86f000 nmethod 5222 0x000000010c023ad0 code [0x000000010c023cc0, 0x000000010c024488]
Event: 33537.013 Thread 0x00007fed8e008800 nmethod 5224 0x000000010c82ab10 code [0x000000010c82acc0, 0x000000010c82b4c8]
Event: 33557.101 Thread 0x00007fed8e039000 5225   !   4       javax.swing.JComponent::_paintImmediately (891 bytes)
Event: 33557.153 Thread 0x00007fed8e039000 nmethod 5225 0x000000010c950850 code [0x000000010c950ba0, 0x000000010c953c60]

GC Heap History (10 events):
Event: 33614.584 GC heap before
{Heap before GC invocations=82209 (full 156):
 PSYoungGen      total 177664K, used 177184K [0x0000000775580000, 0x0000000781e80000, 0x00000007c0000000)
  eden space 177152K, 100% used [0x0000000775580000,0x0000000780280000,0x0000000780280000)
  from space 512K, 6% used [0x0000000781e00000,0x0000000781e08000,0x0000000781e80000)
  to   space 7168K, 0% used [0x0000000781080000,0x0000000781080000,0x0000000781780000)
 ParOldGen       total 615936K, used 594589K [0x00000006e0000000, 0x0000000705980000, 0x0000000775580000)
  object space 615936K, 96% used [0x00000006e0000000,0x00000007044a7698,0x0000000705980000)
 Metaspace       used 21570K, capacity 22552K, committed 23040K, reserved 1069056K
  class space    used 2546K, capacity 2867K, committed 3072K, reserved 1048576K
Event: 33614.590 GC heap after
Heap after GC invocations=82209 (full 156):
 PSYoungGen      total 182272K, used 32K [0x0000000775580000, 0x0000000781e80000, 0x00000007c0000000)
  eden space 175104K, 0% used [0x0000000775580000,0x0000000775580000,0x0000000780080000)
  from space 7168K, 0% used [0x0000000781080000,0x0000000781088000,0x0000000781780000)
  to   space 7168K, 0% used [0x0000000781780000,0x0000000781780000,0x0000000781e80000)
 ParOldGen       total 615936K, used 594589K [0x00000006e0000000, 0x0000000705980000, 0x0000000775580000)
  object space 615936K, 96% used [0x00000006e0000000,0x00000007044a7698,0x0000000705980000)
 Metaspace       used 21570K, capacity 22552K, committed 23040K, reserved 1069056K
  class space    used 2546K, capacity 2867K, committed 3072K, reserved 1048576K
}
Event: 33615.489 GC heap before
{Heap before GC invocations=82210 (full 156):
 PSYoungGen      total 182272K, used 175136K [0x0000000775580000, 0x0000000781e80000, 0x00000007c0000000)
  eden space 175104K, 100% used [0x0000000775580000,0x0000000780080000,0x0000000780080000)
  from space 7168K, 0% used [0x0000000781080000,0x0000000781088000,0x0000000781780000)
  to   space 7168K, 0% used [0x0000000781780000,0x0000000781780000,0x0000000781e80000)
 ParOldGen       total 615936K, used 594589K [0x00000006e0000000, 0x0000000705980000, 0x0000000775580000)
  object space 615936K, 96% used [0x00000006e0000000,0x00000007044a7698,0x0000000705980000)
 Metaspace       used 21570K, capacity 22552K, committed 23040K, reserved 1069056K
  class space    used 2546K, capacity 2867K, committed 3072K, reserved 1048576K
Event: 33615.495 GC heap after
Heap after GC invocations=82210 (full 156):
 PSYoungGen      total 173568K, used 32K [0x0000000775580000, 0x0000000781800000, 0x00000007c0000000)
  eden space 173056K, 0% used [0x0000000775580000,0x0000000775580000,0x000000077fe80000)
  from space 512K, 6% used [0x0000000781780000,0x0000000781788000,0x0000000781800000)
  to   space 6656K, 0% used [0x0000000780b00000,0x0000000780b00000,0x0000000781180000)
 ParOldGen       total 615936K, used 594597K [0x00000006e0000000, 0x0000000705980000, 0x0000000775580000)
  object space 615936K, 96% used [0x00000006e0000000,0x00000007044a9698,0x0000000705980000)
 Metaspace       used 21570K, capacity 22552K, committed 23040K, reserved 1069056K
  class space    used 2546K, capacity 2867K, committed 3072K, reserved 1048576K
}
Event: 33616.379 GC heap before
{Heap before GC invocations=82211 (full 156):
 PSYoungGen      total 173568K, used 173088K [0x0000000775580000, 0x0000000781800000, 0x00000007c0000000)
  eden space 173056K, 100% used [0x0000000775580000,0x000000077fe80000,0x000000077fe80000)
  from space 512K, 6% used [0x0000000781780000,0x0000000781788000,0x0000000781800000)
  to   space 6656K, 0% used [0x0000000780b00000,0x0000000780b00000,0x0000000781180000)
 ParOldGen       total 615936K, used 594597K [0x00000006e0000000, 0x0000000705980000, 0x0000000775580000)
  object space 615936K, 96% used [0x00000006e0000000,0x00000007044a9698,0x0000000705980000)
 Metaspace       used 21570K, capacity 22552K, committed 23040K, reserved 1069056K
  class space    used 2546K, capacity 2867K, committed 3072K, reserved 1048576K
Event: 33616.385 GC heap after
Heap after GC invocations=82211 (full 156):
 PSYoungGen      total 177664K, used 32K [0x0000000775580000, 0x0000000781800000, 0x00000007c0000000)
  eden space 171008K, 0% used [0x0000000775580000,0x0000000775580000,0x000000077fc80000)
  from space 6656K, 0% used [0x0000000780b00000,0x0000000780b08000,0x0000000781180000)
  to   space 6144K, 0% used [0x0000000781200000,0x0000000781200000,0x0000000781800000)
 ParOldGen       total 615936K, used 594605K [0x00000006e0000000, 0x0000000705980000, 0x0000000775580000)
  object space 615936K, 96% used [0x00000006e0000000,0x00000007044ab698,0x0000000705980000)
 Metaspace       used 21570K, capacity 22552K, committed 23040K, reserved 1069056K
  class space    used 2546K, capacity 2867K, committed 3072K, reserved 1048576K
}
Event: 33617.034 GC heap before
{Heap before GC invocations=82212 (full 156):
 PSYoungGen      total 177664K, used 171040K [0x0000000775580000, 0x0000000781800000, 0x00000007c0000000)
  eden space 171008K, 100% used [0x0000000775580000,0x000000077fc80000,0x000000077fc80000)
  from space 6656K, 0% used [0x0000000780b00000,0x0000000780b08000,0x0000000781180000)
  to   space 6144K, 0% used [0x0000000781200000,0x0000000781200000,0x0000000781800000)
 ParOldGen       total 615936K, used 594605K [0x00000006e0000000, 0x0000000705980000, 0x0000000775580000)
  object space 615936K, 96% used [0x00000006e0000000,0x00000007044ab698,0x0000000705980000)
 Metaspace       used 21570K, capacity 22552K, committed 23040K, reserved 1069056K
  class space    used 2546K, capacity 2867K, committed 3072K, reserved 1048576K
Event: 33617.077 GC heap after
Heap after GC invocations=82212 (full 156):
 PSYoungGen      total 177152K, used 6118K [0x0000000775580000, 0x0000000784700000, 0x00000007c0000000)
  eden space 171008K, 0% used [0x0000000775580000,0x0000000775580000,0x000000077fc80000)
  from space 6144K, 99% used [0x0000000781200000,0x00000007817f9b48,0x0000000781800000)
  to   space 22016K, 0% used [0x000000077fc80000,0x000000077fc80000,0x0000000781200000)
 ParOldGen       total 633856K, used 633576K [0x00000006e0000000, 0x0000000706b00000, 0x0000000775580000)
  object space 633856K, 99% used [0x00000006e0000000,0x0000000706aba3d0,0x0000000706b00000)
 Metaspace       used 21570K, capacity 22552K, committed 23040K, reserved 1069056K
  class space    used 2546K, capacity 2867K, committed 3072K, reserved 1048576K
}
Event: 33617.077 GC heap before
{Heap before GC invocations=82213 (full 157):
 PSYoungGen      total 177152K, used 6118K [0x0000000775580000, 0x0000000784700000, 0x00000007c0000000)
  eden space 171008K, 0% used [0x0000000775580000,0x0000000775580000,0x000000077fc80000)
  from space 6144K, 99% used [0x0000000781200000,0x00000007817f9b48,0x0000000781800000)
  to   space 22016K, 0% used [0x000000077fc80000,0x000000077fc80000,0x0000000781200000)
 ParOldGen       total 633856K, used 633576K [0x00000006e0000000, 0x0000000706b00000, 0x0000000775580000)
  object space 633856K, 99% used [0x00000006e0000000,0x0000000706aba3d0,0x0000000706b00000)
 Metaspace       used 21570K, capacity 22552K, committed 23040K, reserved 1069056K
  class space    used 2546K, capacity 2867K, committed 3072K, reserved 1048576K
Event: 33617.716 GC heap after
Heap after GC invocations=82213 (full 157):
 PSYoungGen      total 177152K, used 0K [0x0000000775580000, 0x0000000784700000, 0x00000007c0000000)
  eden space 171008K, 0% used [0x0000000775580000,0x0000000775580000,0x000000077fc80000)
  from space 6144K, 0% used [0x0000000781200000,0x0000000781200000,0x0000000781800000)
  to   space 22016K, 0% used [0x000000077fc80000,0x000000077fc80000,0x0000000781200000)
 ParOldGen       total 633344K, used 137298K [0x00000006e0000000, 0x0000000706a80000, 0x0000000775580000)
  object space 633344K, 21% used [0x00000006e0000000,0x00000006e8614bd8,0x0000000706a80000)
 Metaspace       used 21570K, capacity 22552K, committed 23040K, reserved 1069056K
  class space    used 2546K, capacity 2867K, committed 3072K, reserved 1048576K
}

Deoptimization events (10 events):
Event: 33173.987 Thread 0x00007fed8f94d000 Uncommon trap: reason=bimorphic action=maybe_recompile pc=0x000000010bd6c504 method=java.util.HashSet.<init>(Ljava/util/Collection;)V @ 10
Event: 33173.987 Thread 0x00007fed8f94d000 Uncommon trap: reason=bimorphic action=maybe_recompile pc=0x000000010c2f6764 method=java.util.AbstractCollection.addAll(Ljava/util/Collection;)Z @ 3
Event: 33173.987 Thread 0x00007fed8f94d000 Uncommon trap: reason=bimorphic action=maybe_recompile pc=0x000000010bd6c504 method=java.util.HashSet.<init>(Ljava/util/Collection;)V @ 10
Event: 33173.987 Thread 0x00007fed8f94d000 Uncommon trap: reason=bimorphic action=maybe_recompile pc=0x000000010c2f6764 method=java.util.AbstractCollection.addAll(Ljava/util/Collection;)Z @ 3
Event: 33173.990 Thread 0x00007fed8fa58800 Uncommon trap: reason=null_check action=make_not_entrant pc=0x000000010c4777b0 method=javax.swing.RepaintManager.getVolatileOffscreenBuffer(Ljava/awt/Component;II)Ljava/awt/Image; @ 172
Event: 33174.008 Thread 0x00007fed8fa58800 Uncommon trap: reason=unstable_if action=reinterpret pc=0x000000010c308b54 method=sun.java2d.StateTrackableDelegate.getStateTracker()Lsun/java2d/StateTracker; @ 6
Event: 33174.009 Thread 0x00007fed8fa58800 Uncommon trap: reason=unstable_if action=reinterpret pc=0x000000010c58003c method=sun.awt.image.SurfaceManager.setCacheData(Ljava/lang/Object;Ljava/lang/Object;)V @ 4
Event: 33174.051 Thread 0x00007fed8fa58800 Uncommon trap: reason=unstable_if action=reinterpret pc=0x000000010c12d234 method=sun.java2d.SunGraphics2D.validatePipe()V @ 7
Event: 33174.051 Thread 0x00007fed8fa58800 Uncommon trap: reason=unstable_if action=reinterpret pc=0x000000010bf74a6c method=sun.java2d.SunGraphics2D.setDevClip(IIII)V @ 8
Event: 33176.675 Thread 0x00007fed8fa58800 Uncommon trap: reason=null_check action=make_not_entrant pc=0x000000010c7cbcbc method=javax.swing.RepaintManager.getVolatileOffscreenBuffer(Ljava/awt/Component;II)Ljava/awt/Image; @ 172

Internal exceptions (10 events):
Event: 13367.697 Thread 0x00007fed8eab0000 Implicit null exception at 0x000000010c4227bf to 0x000000010c423401
Event: 19771.063 Thread 0x00007fed8fa58800 Implicit null exception at 0x000000010c062531 to 0x000000010c0633d1
Event: 19771.063 Thread 0x00007fed8fa58800 Implicit null exception at 0x000000010c7721e0 to 0x000000010c7730b1
Event: 19773.248 Thread 0x00007fed8fa58800 Implicit null exception at 0x000000010c45cb20 to 0x000000010c45d7d5
Event: 20098.388 Thread 0x00007fed8fa58800 Implicit null exception at 0x000000010c66efa4 to 0x000000010c66f129
Event: 20098.420 Thread 0x00007fed8fa58800 Implicit null exception at 0x000000010bf6cdff to 0x000000010bf6d51d
Event: 22561.208 Thread 0x00007fed8f916800 Implicit null exception at 0x000000010c1651ec to 0x000000010c165d5f
Event: 24393.017 Thread 0x00007fed8fd22800 Exception <a 'java/io/IOException'> (0x0000000776486620) thrown at [/Users/java_re/workspace/8-2-build-macosx-x86_64/jdk8u91/6644/hotspot/src/share/vm/prims/jni.cpp, line 709]
Event: 33173.990 Thread 0x00007fed8fa58800 Implicit null exception at 0x000000010c476555 to 0x000000010c477794
Event: 33176.675 Thread 0x00007fed8fa58800 Implicit null exception at 0x000000010c7c910a to 0x000000010c7cbc25

Events (10 events):
Event: 33613.662 Executing VM operation: ParallelGCFailedAllocation
Event: 33613.672 Executing VM operation: ParallelGCFailedAllocation done
Event: 33614.584 Executing VM operation: ParallelGCFailedAllocation
Event: 33614.590 Executing VM operation: ParallelGCFailedAllocation done
Event: 33615.489 Executing VM operation: ParallelGCFailedAllocation
Event: 33615.495 Executing VM operation: ParallelGCFailedAllocation done
Event: 33616.379 Executing VM operation: ParallelGCFailedAllocation
Event: 33616.385 Executing VM operation: ParallelGCFailedAllocation done
Event: 33617.022 Executing VM operation: ParallelGCFailedAllocation
Event: 33617.716 Executing VM operation: ParallelGCFailedAllocation done


Dynamic libraries:
0x000000001348f000 	/System/Library/Frameworks/Cocoa.framework/Versions/A/Cocoa
0x000000001348f000 	/System/Library/Frameworks/Security.framework/Versions/A/Security
0x000000001348f000 	/System/Library/Frameworks/ApplicationServices.framework/Versions/A/ApplicationServices
0x000000001348f000 	/usr/lib/libz.1.dylib
0x000000001348f000 	/usr/lib/libSystem.B.dylib
0x000000001348f000 	/usr/lib/libobjc.A.dylib
0x000000001348f000 	/System/Library/Frameworks/CoreFoundation.framework/Versions/A/CoreFoundation
0x000000001348f000 	/System/Library/Frameworks/Foundation.framework/Versions/C/Foundation
0x000000001348f000 	/System/Library/Frameworks/AppKit.framework/Versions/C/AppKit
0x000000001348f000 	/System/Library/Frameworks/CoreData.framework/Versions/A/CoreData
0x000000001348f000 	/System/Library/PrivateFrameworks/RemoteViewServices.framework/Versions/A/RemoteViewServices
0x000000001348f000 	/System/Library/PrivateFrameworks/UIFoundation.framework/Versions/A/UIFoundation
0x000000001348f000 	/System/Library/PrivateFrameworks/DFRFoundation.framework/Versions/A/DFRFoundation
0x000000001348f000 	/usr/lib/libenergytrace.dylib
0x000000001348f000 	/System/Library/PrivateFrameworks/SkyLight.framework/Versions/A/SkyLight
0x000000001348f000 	/System/Library/Frameworks/CoreGraphics.framework/Versions/A/CoreGraphics
0x000000001348f000 	/usr/lib/libScreenReader.dylib
0x000000001348f000 	/System/Library/Frameworks/Accelerate.framework/Versions/A/Accelerate
0x000000001348f000 	/System/Library/Frameworks/IOSurface.framework/Versions/A/IOSurface
0x000000001348f000 	/System/Library/Frameworks/AudioToolbox.framework/Versions/A/AudioToolbox
0x000000001348f000 	/System/Library/Frameworks/AudioUnit.framework/Versions/A/AudioUnit
0x000000001348f000 	/System/Library/PrivateFrameworks/DataDetectorsCore.framework/Versions/A/DataDetectorsCore
0x000000001348f000 	/System/Library/PrivateFrameworks/DesktopServicesPriv.framework/Versions/A/DesktopServicesPriv
0x000000001348f000 	/System/Library/Frameworks/Carbon.framework/Versions/A/Frameworks/HIToolbox.framework/Versions/A/HIToolbox
0x000000001348f000 	/usr/lib/libicucore.A.dylib
0x000000001348f000 	/System/Library/Frameworks/QuartzCore.framework/Versions/A/QuartzCore
0x000000001348f000 	/System/Library/Frameworks/Carbon.framework/Versions/A/Frameworks/SpeechRecognition.framework/Versions/A/SpeechRecognition
0x000000001348f000 	/usr/lib/libauto.dylib
0x000000001348f000 	/usr/lib/libxml2.2.dylib
0x000000001348f000 	/System/Library/PrivateFrameworks/CoreUI.framework/Versions/A/CoreUI
0x000000001348f000 	/System/Library/Frameworks/CoreAudio.framework/Versions/A/CoreAudio
0x000000001348f000 	/System/Library/Frameworks/DiskArbitration.framework/Versions/A/DiskArbitration
0x000000001348f000 	/usr/lib/liblangid.dylib
0x000000001348f000 	/System/Library/PrivateFrameworks/MultitouchSupport.framework/Versions/A/MultitouchSupport
0x000000001348f000 	/System/Library/Frameworks/IOKit.framework/Versions/A/IOKit
0x000000001348f000 	/usr/lib/libDiagnosticMessagesClient.dylib
0x000000001348f000 	/System/Library/Frameworks/CoreServices.framework/Versions/A/CoreServices
0x000000001348f000 	/System/Library/PrivateFrameworks/PerformanceAnalysis.framework/Versions/A/PerformanceAnalysis
0x000000001348f000 	/System/Library/PrivateFrameworks/GenerationalStorage.framework/Versions/A/GenerationalStorage
0x000000001348f000 	/System/Library/Frameworks/OpenGL.framework/Versions/A/OpenGL
0x000000001348f000 	/System/Library/Frameworks/CoreImage.framework/Versions/A/CoreImage
0x000000001348f000 	/System/Library/Frameworks/CoreText.framework/Versions/A/CoreText
0x000000001348f000 	/System/Library/Frameworks/ImageIO.framework/Versions/A/ImageIO
0x000000001348f000 	/System/Library/PrivateFrameworks/Backup.framework/Versions/A/Backup
0x000000001348f000 	/usr/lib/libarchive.2.dylib
0x000000001348f000 	/System/Library/Frameworks/CFNetwork.framework/Versions/A/CFNetwork
0x000000001348f000 	/System/Library/Frameworks/SystemConfiguration.framework/Versions/A/SystemConfiguration
0x000000001348f000 	/usr/lib/libCRFSuite.dylib
0x000000001348f000 	/usr/lib/libc++.1.dylib
0x000000001348f000 	/usr/lib/libc++abi.dylib
0x000000001348f000 	/usr/lib/system/libcache.dylib
0x000000001348f000 	/usr/lib/system/libcommonCrypto.dylib
0x000000001348f000 	/usr/lib/system/libcompiler_rt.dylib
0x000000001348f000 	/usr/lib/system/libcopyfile.dylib
0x000000001348f000 	/usr/lib/system/libcorecrypto.dylib
0x000000001348f000 	/usr/lib/system/libdispatch.dylib
0x000000001348f000 	/usr/lib/system/libdyld.dylib
0x000000001348f000 	/usr/lib/system/libkeymgr.dylib
0x000000001348f000 	/usr/lib/system/liblaunch.dylib
0x000000001348f000 	/usr/lib/system/libmacho.dylib
0x000000001348f000 	/usr/lib/system/libquarantine.dylib
0x000000001348f000 	/usr/lib/system/libremovefile.dylib
0x000000001348f000 	/usr/lib/system/libsystem_asl.dylib
0x000000001348f000 	/usr/lib/system/libsystem_blocks.dylib
0x000000001348f000 	/usr/lib/system/libsystem_c.dylib
0x000000001348f000 	/usr/lib/system/libsystem_configuration.dylib
0x000000001348f000 	/usr/lib/system/libsystem_coreservices.dylib
0x000000001348f000 	/usr/lib/system/libsystem_coretls.dylib
0x000000001348f000 	/usr/lib/system/libsystem_dnssd.dylib
0x000000001348f000 	/usr/lib/system/libsystem_info.dylib
0x000000001348f000 	/usr/lib/system/libsystem_kernel.dylib
0x000000001348f000 	/usr/lib/system/libsystem_m.dylib
0x000000001348f000 	/usr/lib/system/libsystem_malloc.dylib
0x000000001348f000 	/usr/lib/system/libsystem_network.dylib
0x000000001348f000 	/usr/lib/system/libsystem_networkextension.dylib
0x000000001348f000 	/usr/lib/system/libsystem_notify.dylib
0x000000001348f000 	/usr/lib/system/libsystem_platform.dylib
0x000000001348f000 	/usr/lib/system/libsystem_pthread.dylib
0x000000001348f000 	/usr/lib/system/libsystem_sandbox.dylib
0x000000001348f000 	/usr/lib/system/libsystem_secinit.dylib
0x000000001348f000 	/usr/lib/system/libsystem_symptoms.dylib
0x000000001348f000 	/usr/lib/system/libsystem_trace.dylib
0x000000001348f000 	/usr/lib/system/libunwind.dylib
0x000000001348f000 	/usr/lib/system/libxpc.dylib
0x000000001348f000 	/usr/lib/libbsm.0.dylib
0x000000001348f000 	/usr/lib/system/libkxld.dylib
0x000000001348f000 	/usr/lib/libcoretls.dylib
0x000000001348f000 	/usr/lib/libcoretls_cfhelpers.dylib
0x000000001348f000 	/usr/lib/libOpenScriptingUtil.dylib
0x000000001348f000 	/usr/lib/libpam.2.dylib
0x000000001348f000 	/usr/lib/libsqlite3.dylib
0x000000001348f000 	/usr/lib/libxar.1.dylib
0x000000001348f000 	/usr/lib/libbz2.1.0.dylib
0x000000001348f000 	/usr/lib/liblzma.5.dylib
0x000000001348f000 	/usr/lib/libnetwork.dylib
0x000000001348f000 	/usr/lib/libpcap.A.dylib
0x000000001348f000 	/System/Library/Frameworks/CoreServices.framework/Versions/A/Frameworks/FSEvents.framework/Versions/A/FSEvents
0x000000001348f000 	/System/Library/Frameworks/CoreServices.framework/Versions/A/Frameworks/CarbonCore.framework/Versions/A/CarbonCore
0x000000001348f000 	/System/Library/Frameworks/CoreServices.framework/Versions/A/Frameworks/Metadata.framework/Versions/A/Metadata
0x000000001348f000 	/System/Library/Frameworks/CoreServices.framework/Versions/A/Frameworks/OSServices.framework/Versions/A/OSServices
0x000000001348f000 	/System/Library/Frameworks/CoreServices.framework/Versions/A/Frameworks/SearchKit.framework/Versions/A/SearchKit
0x000000001348f000 	/System/Library/Frameworks/CoreServices.framework/Versions/A/Frameworks/AE.framework/Versions/A/AE
0x000000001348f000 	/System/Library/Frameworks/CoreServices.framework/Versions/A/Frameworks/LaunchServices.framework/Versions/A/LaunchServices
0x000000001348f000 	/System/Library/Frameworks/CoreServices.framework/Versions/A/Frameworks/DictionaryServices.framework/Versions/A/DictionaryServices
0x000000001348f000 	/System/Library/Frameworks/CoreServices.framework/Versions/A/Frameworks/SharedFileList.framework/Versions/A/SharedFileList
0x000000001348f000 	/System/Library/Frameworks/NetFS.framework/Versions/A/NetFS
0x000000001348f000 	/System/Library/PrivateFrameworks/NetAuth.framework/Versions/A/NetAuth
0x000000001348f000 	/System/Library/PrivateFrameworks/login.framework/Versions/A/Frameworks/loginsupport.framework/Versions/A/loginsupport
0x000000001348f000 	/System/Library/PrivateFrameworks/TCC.framework/Versions/A/TCC
0x000000001348f000 	/usr/lib/libmecabra.dylib
0x000000001348f000 	/System/Library/Frameworks/ApplicationServices.framework/Versions/A/Frameworks/ATS.framework/Versions/A/ATS
0x000000001348f000 	/System/Library/Frameworks/ApplicationServices.framework/Versions/A/Frameworks/ColorSync.framework/Versions/A/ColorSync
0x000000001348f000 	/System/Library/Frameworks/ApplicationServices.framework/Versions/A/Frameworks/HIServices.framework/Versions/A/HIServices
0x000000001348f000 	/System/Library/Frameworks/ApplicationServices.framework/Versions/A/Frameworks/LangAnalysis.framework/Versions/A/LangAnalysis
0x000000001348f000 	/System/Library/Frameworks/ApplicationServices.framework/Versions/A/Frameworks/PrintCore.framework/Versions/A/PrintCore
0x000000001348f000 	/System/Library/Frameworks/ApplicationServices.framework/Versions/A/Frameworks/QD.framework/Versions/A/QD
0x000000001348f000 	/System/Library/Frameworks/ApplicationServices.framework/Versions/A/Frameworks/SpeechSynthesis.framework/Versions/A/SpeechSynthesis
0x000000001348f000 	/System/Library/Frameworks/Accelerate.framework/Versions/A/Frameworks/vImage.framework/Versions/A/vImage
0x000000001348f000 	/System/Library/Frameworks/Accelerate.framework/Versions/A/Frameworks/vecLib.framework/Versions/A/vecLib
0x000000001348f000 	/System/Library/Frameworks/Accelerate.framework/Versions/A/Frameworks/vecLib.framework/Versions/A/libvDSP.dylib
0x000000001348f000 	/System/Library/Frameworks/Accelerate.framework/Versions/A/Frameworks/vecLib.framework/Versions/A/libBNNS.dylib
0x000000001348f000 	/System/Library/Frameworks/Accelerate.framework/Versions/A/Frameworks/vecLib.framework/Versions/A/libQuadrature.dylib
0x000000001348f000 	/System/Library/Frameworks/Accelerate.framework/Versions/A/Frameworks/vecLib.framework/Versions/A/libvMisc.dylib
0x000000001348f000 	/System/Library/Frameworks/Accelerate.framework/Versions/A/Frameworks/vecLib.framework/Versions/A/libLAPACK.dylib
0x000000001348f000 	/System/Library/Frameworks/Accelerate.framework/Versions/A/Frameworks/vecLib.framework/Versions/A/libBLAS.dylib
0x000000001348f000 	/System/Library/Frameworks/Accelerate.framework/Versions/A/Frameworks/vecLib.framework/Versions/A/libLinearAlgebra.dylib
0x000000001348f000 	/System/Library/Frameworks/Accelerate.framework/Versions/A/Frameworks/vecLib.framework/Versions/A/libSparseBLAS.dylib
0x000000001348f000 	/System/Library/Frameworks/ApplicationServices.framework/Versions/A/Frameworks/ATS.framework/Versions/A/Resources/libFontParser.dylib
0x000000001348f000 	/System/Library/Frameworks/ApplicationServices.framework/Versions/A/Frameworks/ATS.framework/Versions/A/Resources/libFontRegistry.dylib
0x000000001348f000 	/System/Library/Frameworks/ImageIO.framework/Versions/A/Resources/libJPEG.dylib
0x000000001348f000 	/System/Library/Frameworks/ImageIO.framework/Versions/A/Resources/libTIFF.dylib
0x000000001348f000 	/System/Library/Frameworks/ImageIO.framework/Versions/A/Resources/libPng.dylib
0x000000001348f000 	/System/Library/Frameworks/ImageIO.framework/Versions/A/Resources/libGIF.dylib
0x000000001348f000 	/System/Library/Frameworks/ImageIO.framework/Versions/A/Resources/libJP2.dylib
0x000000001348f000 	/System/Library/Frameworks/ImageIO.framework/Versions/A/Resources/libRadiance.dylib
0x000000001348f000 	/usr/lib/libcompression.dylib
0x000000001348f000 	/System/Library/PrivateFrameworks/AppleJPEG.framework/Versions/A/AppleJPEG
0x000000001348f000 	/usr/lib/libcups.2.dylib
0x000000001348f000 	/System/Library/Frameworks/Kerberos.framework/Versions/A/Kerberos
0x000000001348f000 	/System/Library/Frameworks/GSS.framework/Versions/A/GSS
0x000000001348f000 	/usr/lib/libresolv.9.dylib
0x000000001348f000 	/usr/lib/libiconv.2.dylib
0x000000001348f000 	/System/Library/PrivateFrameworks/Heimdal.framework/Versions/A/Heimdal
0x000000001348f000 	/usr/lib/libheimdal-asn1.dylib
0x000000001348f000 	/System/Library/Frameworks/OpenDirectory.framework/Versions/A/OpenDirectory
0x000000001348f000 	/System/Library/PrivateFrameworks/CommonAuth.framework/Versions/A/CommonAuth
0x000000001348f000 	/System/Library/Frameworks/OpenDirectory.framework/Versions/A/Frameworks/CFOpenDirectory.framework/Versions/A/CFOpenDirectory
0x000000001348f000 	/System/Library/Frameworks/SecurityFoundation.framework/Versions/A/SecurityFoundation
0x000000001348f000 	/System/Library/PrivateFrameworks/LanguageModeling.framework/Versions/A/LanguageModeling
0x000000001348f000 	/usr/lib/libmarisa.dylib
0x000000001348f000 	/usr/lib/libChineseTokenizer.dylib
0x000000001348f000 	/usr/lib/libcmph.dylib
0x000000001348f000 	/System/Library/PrivateFrameworks/CoreEmoji.framework/Versions/A/CoreEmoji
0x000000001348f000 	/System/Library/Frameworks/ServiceManagement.framework/Versions/A/ServiceManagement
0x000000001348f000 	/usr/lib/libxslt.1.dylib
0x000000001348f000 	/System/Library/Frameworks/Carbon.framework/Versions/A/Frameworks/Ink.framework/Versions/A/Ink
0x000000001348f000 	/System/Library/PrivateFrameworks/TextureIO.framework/Versions/A/TextureIO
0x000000001348f000 	/System/Library/Frameworks/Metal.framework/Versions/A/Metal
0x000000001348f000 	/usr/lib/libate.dylib
0x000000001348f000 	/System/Library/PrivateFrameworks/GPUCompiler.framework/libmetal_timestamp.dylib
0x000000001348f000 	/System/Library/Frameworks/OpenGL.framework/Versions/A/Libraries/libCoreFSCache.dylib
0x000000001348f000 	/System/Library/PrivateFrameworks/IOAccelerator.framework/Versions/A/IOAccelerator
0x000000001348f000 	/System/Library/Frameworks/CoreVideo.framework/Versions/A/CoreVideo
0x000000001348f000 	/usr/lib/libFosl_dynamic.dylib
0x000000001348f000 	/System/Library/PrivateFrameworks/MetalPerformanceShaders.framework/Versions/A/MetalPerformanceShaders
0x000000001348f000 	/System/Library/PrivateFrameworks/FaceCore.framework/Versions/A/FaceCore
0x000000001348f000 	/System/Library/Frameworks/OpenCL.framework/Versions/A/OpenCL
0x000000001348f000 	/System/Library/Frameworks/OpenGL.framework/Versions/A/Libraries/libGLU.dylib
0x000000001348f000 	/System/Library/Frameworks/OpenGL.framework/Versions/A/Libraries/libGFXShared.dylib
0x000000001348f000 	/System/Library/Frameworks/OpenGL.framework/Versions/A/Libraries/libGL.dylib
0x000000001348f000 	/System/Library/Frameworks/OpenGL.framework/Versions/A/Libraries/libGLImage.dylib
0x000000001348f000 	/System/Library/Frameworks/OpenGL.framework/Versions/A/Libraries/libCVMSPluginSupport.dylib
0x000000001348f000 	/System/Library/Frameworks/OpenGL.framework/Versions/A/Libraries/libCoreVMClient.dylib
0x000000001348f000 	/System/Library/PrivateFrameworks/CrashReporterSupport.framework/Versions/A/CrashReporterSupport
0x000000001348f000 	/System/Library/PrivateFrameworks/Sharing.framework/Versions/A/Sharing
0x000000001348f000 	/System/Library/PrivateFrameworks/IconServices.framework/Versions/A/IconServices
0x000000001348f000 	/System/Library/PrivateFrameworks/ProtocolBuffer.framework/Versions/A/ProtocolBuffer
0x000000001348f000 	/System/Library/PrivateFrameworks/Apple80211.framework/Versions/A/Apple80211
0x000000001348f000 	/System/Library/Frameworks/CoreWLAN.framework/Versions/A/CoreWLAN
0x000000001348f000 	/System/Library/PrivateFrameworks/CoreUtils.framework/Versions/A/CoreUtils
0x000000001348f000 	/System/Library/Frameworks/IOBluetooth.framework/Versions/A/IOBluetooth
0x000000001348f000 	/System/Library/PrivateFrameworks/CoreWiFi.framework/Versions/A/CoreWiFi
0x000000001348f000 	/System/Library/Frameworks/CoreBluetooth.framework/Versions/A/CoreBluetooth
0x000000001348f000 	/System/Library/Frameworks/CoreDisplay.framework/Versions/A/CoreDisplay
0x000000001348f000 	/System/Library/PrivateFrameworks/IOPresentment.framework/Versions/A/IOPresentment
0x000000001348f000 	/System/Library/PrivateFrameworks/DSExternalDisplay.framework/Versions/A/DSExternalDisplay
0x000000001348f000 	/System/Library/PrivateFrameworks/DebugSymbols.framework/Versions/A/DebugSymbols
0x000000001348f000 	/System/Library/PrivateFrameworks/CoreSymbolication.framework/Versions/A/CoreSymbolication
0x000000001348f000 	/System/Library/PrivateFrameworks/Symbolication.framework/Versions/A/Symbolication
0x000000001348f000 	/System/Library/PrivateFrameworks/AppleFSCompression.framework/Versions/A/AppleFSCompression
0x000000001348f000 	/System/Library/PrivateFrameworks/SpeechRecognitionCore.framework/Versions/A/SpeechRecognitionCore
0x000000001348f000 	/System/Library/PrivateFrameworks/ChunkingLibrary.framework/Versions/A/ChunkingLibrary
0x000000004e865000 	/System/Library/CoreServices/Encodings/libCyrillicConverter.dylib
0x0000000109400000 	/Library/Java/JavaVirtualMachines/jdk1.8.0_91.jdk/Contents/Home/jre/lib/server/libjvm.dylib
0x000000001348f000 	/usr/lib/libstdc++.6.dylib
0x0000000108b9b000 	/Library/Java/JavaVirtualMachines/jdk1.8.0_91.jdk/Contents/Home/jre/lib/libverify.dylib
0x0000000108ba9000 	/Library/Java/JavaVirtualMachines/jdk1.8.0_91.jdk/Contents/Home/jre/lib/libjava.dylib
0x0000000108be8000 	/Library/Java/JavaVirtualMachines/jdk1.8.0_91.jdk/Contents/Home/jre/lib/libzip.dylib
0x00000001235a5000 	/System/Library/Frameworks/JavaVM.framework/Frameworks/JavaRuntimeSupport.framework/JavaRuntimeSupport
0x00000001235bf000 	/System/Library/Frameworks/JavaVM.framework/Versions/A/Frameworks/JavaNativeFoundation.framework/Versions/A/JavaNativeFoundation
0x0000000108bf2000 	/System/Library/Frameworks/JavaVM.framework/Versions/A/JavaVM
0x000000001348f000 	/System/Library/Frameworks/Carbon.framework/Versions/A/Carbon
0x00000001235d4000 	/System/Library/PrivateFrameworks/JavaLaunching.framework/Versions/A/JavaLaunching
0x000000001348f000 	/System/Library/Frameworks/Carbon.framework/Versions/A/Frameworks/CommonPanels.framework/Versions/A/CommonPanels
0x000000001348f000 	/System/Library/Frameworks/Carbon.framework/Versions/A/Frameworks/Help.framework/Versions/A/Help
0x000000001348f000 	/System/Library/Frameworks/Carbon.framework/Versions/A/Frameworks/ImageCapture.framework/Versions/A/ImageCapture
0x000000001348f000 	/System/Library/Frameworks/Carbon.framework/Versions/A/Frameworks/OpenScripting.framework/Versions/A/OpenScripting
0x000000001348f000 	/System/Library/Frameworks/Carbon.framework/Versions/A/Frameworks/Print.framework/Versions/A/Print
0x000000001348f000 	/System/Library/Frameworks/Carbon.framework/Versions/A/Frameworks/SecurityHI.framework/Versions/A/SecurityHI
0x00000001250eb000 	/Library/Java/JavaVirtualMachines/jdk1.8.0_91.jdk/Contents/Home/jre/lib/libawt.dylib
0x0000000125193000 	/Library/Java/JavaVirtualMachines/jdk1.8.0_91.jdk/Contents/Home/jre/lib/./libmlib_image.dylib
0x000000012525f000 	/Library/Java/JavaVirtualMachines/jdk1.8.0_91.jdk/Contents/Home/jre/lib/libawt_lwawt.dylib
0x0000000125314000 	/Library/Java/JavaVirtualMachines/jdk1.8.0_91.jdk/Contents/Home/jre/lib/./libosxapp.dylib
0x000000001348f000 	/System/Library/Frameworks/ExceptionHandling.framework/Versions/A/ExceptionHandling
0x000000001348f000 	/System/Library/PrivateFrameworks/CoreServicesInternal.framework/Versions/A/CoreServicesInternal
0x000000001348f000 	/System/Library/CoreServices/RawCamera.bundle/Contents/MacOS/RawCamera
0x000000001348f000 	/System/Library/Frameworks/Accelerate.framework/Versions/A/Frameworks/vImage.framework/Versions/A/Libraries/libCGInterfaces.dylib
0x000000001348f000 	/System/Library/Frameworks/ApplicationServices.framework/Versions/A/Frameworks/ATS.framework/Versions/A/Resources/libTrueTypeScaler.dylib
0x000000001348f000 	/System/Library/Frameworks/OpenGL.framework/Versions/A/Resources/GLEngine.bundle/GLEngine
0x000000001348f000 	/System/Library/Frameworks/OpenGL.framework/Versions/A/Libraries/libGLProgrammability.dylib
0x000000001348f000 	/System/Library/Extensions/GeForceGLDriver.bundle/Contents/MacOS/GeForceGLDriver
0x000000001348f000 	/System/Library/Extensions/GeForceGLDriver.bundle/Contents/MacOS/libclh.dylib
0x000000001348f000 	/System/Library/PrivateFrameworks/GPUSupport.framework/Versions/A/Libraries/libGPUSupportMercury.dylib
0x000000001348f000 	/System/Library/Frameworks/OpenGL.framework/Versions/A/Resources/GLRendererFloat.bundle/GLRendererFloat
0x000000001348f000 	/System/Library/Frameworks/OpenCL.framework/Versions/A/Libraries/libcldcpuengine.dylib
0x000000001348f000 	/usr/lib/libcrypto.0.9.8.dylib
0x000000001348f000 	/System/Library/PrivateFrameworks/TrustEvaluationAgent.framework/Versions/A/TrustEvaluationAgent
0x000000001348f000 	/System/Library/Extensions/GeForceMTLDriver.bundle/Contents/MacOS/GeForceMTLDriver
0x000000001348f000 	/System/Library/PrivateFrameworks/FamilyControls.framework/Versions/A/FamilyControls
0x000000001348f000 	/System/Library/PrivateFrameworks/CommerceKit.framework/Versions/A/Frameworks/CommerceCore.framework/Versions/A/CommerceCore
0x000000001348f000 	/System/Library/PrivateFrameworks/SystemAdministration.framework/Versions/A/SystemAdministration
0x000000001348f000 	/System/Library/PrivateFrameworks/AppContainer.framework/Versions/A/AppContainer
0x000000001348f000 	/System/Library/PrivateFrameworks/SecCodeWrapper.framework/Versions/A/SecCodeWrapper
0x000000001348f000 	/System/Library/Frameworks/DirectoryService.framework/Versions/A/DirectoryService
0x000000001348f000 	/System/Library/PrivateFrameworks/DiskImages.framework/Versions/A/DiskImages
0x000000001348f000 	/System/Library/PrivateFrameworks/LoginUIKit.framework/Versions/A/Frameworks/LoginUICore.framework/Versions/A/LoginUICore
0x000000001348f000 	/usr/lib/libCoreStorage.dylib
0x000000001348f000 	/usr/lib/libcsfde.dylib
0x000000001348f000 	/usr/lib/libodfde.dylib
0x000000001348f000 	/System/Library/Frameworks/DiscRecording.framework/Versions/A/DiscRecording
0x000000001348f000 	/usr/lib/libcurl.4.dylib
0x000000001348f000 	/System/Library/PrivateFrameworks/MediaKit.framework/Versions/A/MediaKit
0x000000001348f000 	/System/Library/PrivateFrameworks/ProtectedCloudStorage.framework/Versions/A/ProtectedCloudStorage
0x000000001348f000 	/System/Library/PrivateFrameworks/EFILogin.framework/Versions/A/EFILogin
0x000000001348f000 	/usr/lib/libutil.dylib
0x000000001348f000 	/System/Library/Frameworks/LDAP.framework/Versions/A/LDAP
0x000000001348f000 	/usr/lib/libsasl2.2.dylib
0x000000001348f000 	/System/Library/PrivateFrameworks/CoreDaemon.framework/Versions/B/CoreDaemon
0x000000001348f000 	/System/Library/PrivateFrameworks/AppleSRP.framework/Versions/A/AppleSRP
0x000000001348f000 	/System/Library/PrivateFrameworks/APFS.framework/Versions/A/APFS
0x000000012d077000 	/Library/Java/JavaVirtualMachines/jdk1.8.0_91.jdk/Contents/Home/jre/lib/libfontmanager.dylib
0x000000012d0de000 	/Library/Java/JavaVirtualMachines/jdk1.8.0_91.jdk/Contents/Home/jre/lib/libosxui.dylib
0x000000001348f000 	/System/Library/PrivateFrameworks/ViewBridge.framework/Versions/A/ViewBridge
0x000000001348f000 	/System/Library/PrivateFrameworks/XPCService.framework/Versions/A/XPCService
0x000000001348f000 	/System/Library/PrivateFrameworks/AppSandbox.framework/Versions/A/AppSandbox
0x000000001348f000 	/usr/lib/libsandbox.1.dylib
0x000000001348f000 	/usr/lib/libMatch.1.dylib
0x000000012dedb000 	/Library/Java/JavaVirtualMachines/jdk1.8.0_91.jdk/Contents/Home/jre/lib/libnet.dylib
0x000000012def2000 	/Library/Java/JavaVirtualMachines/jdk1.8.0_91.jdk/Contents/Home/jre/lib/libnio.dylib

VM Arguments:
jvm_args: -Dfile.encoding=UTF-8 
java_command: org.doomday.emulator.Main
java_class_path (initial): /Volumes/WORK/doomday/doomday-server/target/classes:/Users/sysadmin/.m2/repository/org/mockito/mockito-all/1.10.19/mockito-all-1.10.19.jar:/Users/sysadmin/.m2/repository/commons-codec/commons-codec/1.10/commons-codec-1.10.jar:/Users/sysadmin/.m2/repository/org/springframework/spring-webmvc/4.2.5.RELEASE/spring-webmvc-4.2.5.RELEASE.jar:/Users/sysadmin/.m2/repository/org/springframework/spring-beans/4.2.5.RELEASE/spring-beans-4.2.5.RELEASE.jar:/Users/sysadmin/.m2/repository/org/springframework/spring-context/4.2.5.RELEASE/spring-context-4.2.5.RELEASE.jar:/Users/sysadmin/.m2/repository/org/springframework/spring-aop/4.2.5.RELEASE/spring-aop-4.2.5.RELEASE.jar:/Users/sysadmin/.m2/repository/aopalliance/aopalliance/1.0/aopalliance-1.0.jar:/Users/sysadmin/.m2/repository/org/springframework/spring-core/4.2.5.RELEASE/spring-core-4.2.5.RELEASE.jar:/Users/sysadmin/.m2/repository/commons-logging/commons-logging/1.2/commons-logging-1.2.jar:/Users/sysadmin/.m2/repository/org/springframework/spring-expression/4.2.5.RELEASE/spring-expression-4.2.5.RELEASE.jar:/Users/sysadmin/.m2/repository/org/springframework/spring-web/4.2.5.RELEASE/spring-web-4.2.5.RELEASE.jar:/Users/sysadmin/.m2/repository/org/springframework/spring-context-support/4.2.5.RELEASE/spring-context-support-4.2.5.RELEASE.jar:/Users/sysadmin/.m2/repository/org/springframework/spring-websocket/4.2.5.RELEASE/spring-websocket-4.2.5.RELEASE.jar:/Users/sysadmin/.m2/repository/org/springframework/spring-test/4.2.5.RELEASE/spring-test-4.2.5.RELEASE.jar:/Users/sysadmin/.m2/repository/com/fasterxml/jackson/core/jackson-core/2.8.9/jackson-core-2.8.9.jar:/Users/sysadmin/.m2/repository/com/fasterxml/jackson/core/jackson-databind/2.8.9/jackson-databind-2.8.9.jar:/Users/sysadmin/.m2/repository/com/fasterxml/jackson/core/jackson-annotations/2.8.9/jackson-annotations-2.8.9.jar:/Users/sysadmin/.m2/repository/javax/servlet/javax.servlet-api/3.0.1/javax.servlet-api-3.0.1.jar:/Users/sysadmin/.m2/repository/org
Launcher Type: SUN_STANDARD

Environment Variables:
PATH=/usr/bin:/bin:/usr/sbin:/sbin
SHELL=/bin/bash
DISPLAY=/private/tmp/com.apple.launchd.C2nr0EoYHh/org.macosforge.xquartz:0

Signal Handlers:
SIGSEGV: [libjvm.dylib+0x5a97a1], sa_mask[0]=11111111011111110111111111111111, sa_flags=SA_ONSTACK|SA_RESTART|SA_SIGINFO
SIGBUS: [libjvm.dylib+0x5a97a1], sa_mask[0]=11111111011111110111111111111111, sa_flags=SA_RESTART|SA_SIGINFO
SIGFPE: [libjvm.dylib+0x482594], sa_mask[0]=11111111011111110111111111111111, sa_flags=SA_RESTART|SA_SIGINFO
SIGPIPE: [libjvm.dylib+0x482594], sa_mask[0]=11111111011111110111111111111111, sa_flags=SA_RESTART|SA_SIGINFO
SIGXFSZ: [libjvm.dylib+0x482594], sa_mask[0]=11111111011111110111111111111111, sa_flags=SA_RESTART|SA_SIGINFO
SIGILL: [libjvm.dylib+0x482594], sa_mask[0]=11111111011111110111111111111111, sa_flags=SA_RESTART|SA_SIGINFO
SIGUSR1: SIG_DFL, sa_mask[0]=00000000000000000000000000000000, sa_flags=none
SIGUSR2: [libjvm.dylib+0x4820b2], sa_mask[0]=00100000000000000000000000000000, sa_flags=SA_RESTART|SA_SIGINFO
SIGHUP: [libjvm.dylib+0x480689], sa_mask[0]=11111111011111110111111111111111, sa_flags=SA_RESTART|SA_SIGINFO
SIGINT: [libjvm.dylib+0x480689], sa_mask[0]=11111111011111110111111111111111, sa_flags=SA_RESTART|SA_SIGINFO
SIGTERM: [libjvm.dylib+0x480689], sa_mask[0]=11111111011111110111111111111111, sa_flags=SA_RESTART|SA_SIGINFO
SIGQUIT: [libjvm.dylib+0x480689], sa_mask[0]=11111111011111110111111111111111, sa_flags=SA_RESTART|SA_SIGINFO


---------------  S Y S T E M  ---------------

OS:Bsduname:Darwin 16.6.0 Darwin Kernel Version 16.6.0: Fri Apr 14 16:21:16 PDT 2017; root:xnu-3789.60.24~6/RELEASE_X86_64 x86_64
rlimit: STACK 8192k, CORE 0k, NPROC 709, NOFILE 10240, AS infinity
load average:10.37 13.80 19.69

CPU:total 4 (4 cores per cpu, 1 threads per core) family 6 model 58 stepping 9, cmov, cx8, fxsr, mmx, sse, sse2, sse3, ssse3, sse4.1, sse4.2, popcnt, avx, aes, clmul, erms, tsc, tscinvbit, tscinv

Memory: 4k page, physical 14680064k(156792k free)

/proc/meminfo:


vm_info: Java HotSpot(TM) 64-Bit Server VM (25.91-b14) for bsd-amd64 JRE (1.8.0_91-b14), built on Apr  1 2016 01:03:00 by "java_re" with gcc 4.2.1 (Based on Apple Inc. build 5658) (LLVM build 2336.11.00)

time: Thu Jul 13 20:34:58 2017
elapsed time: 33617 seconds (0d 9h 20m 17s)

